BEGIN;
BEGIN
EXPLAIN (ANALYZE, BUFFERS)
select
	c_custkey,
	c_name,
	sum(l_extendedprice * (1 - l_discount)) as revenue,
	c_acctbal,
	n_name,
	c_address,
	c_phone,
	c_comment
from
	customer,
	orders,
	lineitem,
	nation
where
	c_custkey = o_custkey
	and l_orderkey = o_orderkey
	and o_orderdate >= date '1994-02-01'
	and o_orderdate < cast(date '1994-02-01' + interval '3 month' as date)
	and l_returnflag = 'R'
	and c_nationkey = n_nationkey
group by
	c_custkey,
	c_name,
	c_acctbal,
	c_phone,
	n_name,
	c_address,
	c_comment
order by
	revenue desc
LIMIT 20;
                                                                                               QUERY PLAN                                                                                                
---------------------------------------------------------------------------------------------------------------------------------------------------------------------------------------------------------
 Limit  (cost=2271659.07..2271659.12 rows=20 width=175) (actual time=35387.712..35387.719 rows=20 loops=1)
   Buffers: shared hit=757903 read=597385
   ->  Sort  (cost=2271659.07..2273037.74 rows=551469 width=175) (actual time=35387.709..35387.710 rows=20 loops=1)
         Sort Key: (sum((lineitem.l_extendedprice * (1::double precision - lineitem.l_discount))))
         Sort Method: top-N heapsort  Memory: 30kB
         Buffers: shared hit=757903 read=597385
         ->  HashAggregate  (cost=2251469.98..2256984.67 rows=551469 width=175) (actual time=34988.966..35250.473 rows=372215 loops=1)
               Group Key: customer.c_custkey, customer.c_name, customer.c_acctbal, customer.c_phone, nation.n_name, customer.c_address, customer.c_comment
               Buffers: shared hit=757900 read=597385
               ->  Hash Join  (cost=343673.76..2237683.26 rows=551469 width=175) (actual time=11342.338..33136.703 rows=1110626 loops=1)
                     Hash Cond: (customer.c_nationkey = nation.n_nationkey)
                     Buffers: shared hit=757900 read=597385
                     ->  Hash Join  (cost=343672.20..2230099.00 rows=551469 width=153) (actual time=11342.311..32753.136 rows=1110626 loops=1)
                           Hash Cond: (orders.o_custkey = customer.c_custkey)
                           Buffers: shared hit=757899 read=597385
                           ->  Hash Join  (cost=274644.20..2152798.96 rows=551469 width=12) (actual time=9642.847..30242.526 rows=1110626 loops=1)
                                 Hash Cond: (lineitem.l_orderkey = orders.o_orderkey)
                                 Buffers: shared hit=757897 read=562109
                                 ->  Seq Scan on lineitem  (cost=0.00..1817039.60 rows=14826793 width=12) (actual time=0.010..17260.007 rows=14822992 loops=1)
                                       Filter: (l_returnflag = 'R'::bpchar)
                                       Rows Removed by Filter: 45222677
                                       Buffers: shared hit=757893 read=308580
                                 ->  Hash  (cost=267663.34..267663.34 rows=558469 width=8) (actual time=9637.393..9637.393 rows=554821 loops=1)
                                       Buckets: 1048576  Batches: 1  Memory Usage: 29865kB
                                       Buffers: shared hit=4 read=253529
                                       ->  Bitmap Heap Scan on orders  (cost=5764.30..267663.34 rows=558469 width=8) (actual time=27.784..9341.573 rows=554821 loops=1)
                                             Recheck Cond: ((o_orderdate >= '1994-02-01'::date) AND (o_orderdate < '1994-05-01'::date))
                                             Rows Removed by Index Recheck: 14460179
                                             Heap Blocks: lossy=253522
                                             Buffers: shared hit=4 read=253529
                                             ->  Bitmap Index Scan on orders_o_orderdate_o_orderkey_brin_idx  (cost=0.00..5624.69 rows=558469 width=0) (actual time=27.545..27.545 rows=2535680 loops=1)
                                                   Index Cond: ((o_orderdate >= '1994-02-01'::date) AND (o_orderdate < '1994-05-01'::date))
                                                   Buffers: shared hit=2 read=9
                           ->  Hash  (cost=50278.00..50278.00 rows=1500000 width=145) (actual time=1690.723..1690.723 rows=1500000 loops=1)
                                 Buckets: 2097152  Batches: 1  Memory Usage: 281501kB
                                 Buffers: shared hit=2 read=35276
                                 ->  Seq Scan on customer  (cost=0.00..50278.00 rows=1500000 width=145) (actual time=0.004..827.674 rows=1500000 loops=1)
                                       Buffers: shared hit=2 read=35276
                     ->  Hash  (cost=1.25..1.25 rows=25 width=30) (actual time=0.018..0.018 rows=25 loops=1)
                           Buckets: 1024  Batches: 1  Memory Usage: 10kB
                           Buffers: shared hit=1
                           ->  Seq Scan on nation  (cost=0.00..1.25 rows=25 width=30) (actual time=0.004..0.008 rows=25 loops=1)
                                 Buffers: shared hit=1
 Planning time: 7.166 ms
 Execution time: 35395.889 ms
(45 rows)

COMMIT;
COMMIT
