BEGIN;
BEGIN
EXPLAIN (ANALYZE, BUFFERS)
select
	l_shipmode,
	sum(case
		when o_orderpriority = '1-URGENT'
			or o_orderpriority = '2-HIGH'
			then 1
		else 0
	end) as high_line_count,
	sum(case
		when o_orderpriority <> '1-URGENT'
			and o_orderpriority <> '2-HIGH'
			then 1
		else 0
	end) as low_line_count
from
	orders,
	lineitem
where
	o_orderkey = l_orderkey
	and l_shipmode in ('TRUCK', 'MAIL')
	and l_commitdate < l_receiptdate
	and l_shipdate < l_commitdate
	and l_receiptdate >= date '1996-01-01'
	and l_receiptdate < date '1996-01-01' + interval '1 year'
group by
	l_shipmode
order by
	l_shipmode;
                                                                                                                            QUERY PLAN                                                                                                                             
-------------------------------------------------------------------------------------------------------------------------------------------------------------------------------------------------------------------------------------------------------------------
 Sort  (cost=3022947.18..3022947.18 rows=1 width=27) (actual time=36272.955..36272.955 rows=2 loops=1)
   Sort Key: lineitem.l_shipmode
   Sort Method: quicksort  Memory: 25kB
   Buffers: shared hit=721338 read=598665
   ->  HashAggregate  (cost=3022947.16..3022947.17 rows=1 width=27) (actual time=36272.899..36272.899 rows=2 loops=1)
         Group Key: lineitem.l_shipmode
         Buffers: shared hit=721333 read=598665
         ->  Hash Join  (cost=591359.14..3017887.36 rows=289131 width=27) (actual time=10467.123..35950.469 rows=312698 loops=1)
               Hash Cond: (lineitem.l_orderkey = orders.o_orderkey)
               Buffers: shared hit=721333 read=598665
               ->  Seq Scan on lineitem  (cost=0.00..2417492.88 rows=289131 width=15) (actual time=0.093..25050.308 rows=312698 loops=1)
                     Filter: ((l_shipmode = ANY ('{TRUCK,MAIL}'::bpchar[])) AND (l_commitdate < l_receiptdate) AND (l_shipdate < l_commitdate) AND (l_receiptdate >= '1996-01-01'::date) AND (l_receiptdate < '1997-01-01 00:00:00'::timestamp without time zone))
                     Rows Removed by Filter: 59732971
                     Buffers: shared hit=594180 read=472293
               ->  Hash  (cost=403671.84..403671.84 rows=15014984 width=20) (actual time=10398.196..10398.196 rows=15015000 loops=1)
                     Buckets: 16777216  Batches: 1  Memory Usage: 893553kB
                     Buffers: shared hit=127150 read=126372
                     ->  Seq Scan on orders  (cost=0.00..403671.84 rows=15014984 width=20) (actual time=0.007..4921.352 rows=15015000 loops=1)
                           Buffers: shared hit=127150 read=126372
 Planning time: 2.179 ms
 Execution time: 36277.208 ms
(21 rows)

COMMIT;
COMMIT
