BEGIN;
BEGIN
EXPLAIN (ANALYZE, BUFFERS)
select
	c_custkey,
	c_name,
	sum(l_extendedprice * (1 - l_discount)) as revenue,
	c_acctbal,
	n_name,
	c_address,
	c_phone,
	c_comment
from
	customer,
	orders,
	lineitem,
	nation
where
	c_custkey = o_custkey
	and l_orderkey = o_orderkey
	and o_orderdate >= date '1994-07-01'
	and o_orderdate < cast(date '1994-07-01' + interval '3 month' as date)
	and l_returnflag = 'R'
	and c_nationkey = n_nationkey
group by
	c_custkey,
	c_name,
	c_acctbal,
	c_phone,
	n_name,
	c_address,
	c_comment
order by
	revenue desc
LIMIT 20;
                                                                                               QUERY PLAN                                                                                                
---------------------------------------------------------------------------------------------------------------------------------------------------------------------------------------------------------
 Limit  (cost=2283546.77..2283546.82 rows=20 width=175) (actual time=35688.920..35688.925 rows=20 loops=1)
   Buffers: shared hit=816136 read=544428 dirtied=713 written=418
   ->  Sort  (cost=2283546.77..2284986.57 rows=575920 width=175) (actual time=35688.916..35688.919 rows=20 loops=1)
         Sort Key: (sum((lineitem.l_extendedprice * (1::double precision - lineitem.l_discount))))
         Sort Method: top-N heapsort  Memory: 30kB
         Buffers: shared hit=816136 read=544428 dirtied=713 written=418
         ->  HashAggregate  (cost=2262462.54..2268221.74 rows=575920 width=175) (actual time=35286.860..35550.390 rows=381510 loops=1)
               Group Key: customer.c_custkey, customer.c_name, customer.c_acctbal, customer.c_phone, nation.n_name, customer.c_address, customer.c_comment
               Buffers: shared hit=816133 read=544428 dirtied=713 written=418
               ->  Hash Join  (cost=345620.34..2248064.54 rows=575920 width=175) (actual time=10016.278..33177.151 rows=1146931 loops=1)
                     Hash Cond: (customer.c_nationkey = nation.n_nationkey)
                     Buffers: shared hit=816133 read=544428 dirtied=713 written=418
                     ->  Hash Join  (cost=345618.78..2240144.08 rows=575920 width=153) (actual time=10016.246..32729.697 rows=1146931 loops=1)
                           Hash Cond: (orders.o_custkey = customer.c_custkey)
                           Buffers: shared hit=816132 read=544428 dirtied=713 written=418
                           ->  Hash Join  (cost=276590.78..2162477.28 rows=575920 width=12) (actual time=8663.873..30604.989 rows=1146931 loops=1)
                                 Hash Cond: (lineitem.l_orderkey = orders.o_orderkey)
                                 Buffers: shared hit=780854 read=544428 dirtied=713 written=418
                                 ->  Seq Scan on lineitem  (cost=0.00..1824304.52 rows=14886073 width=12) (actual time=0.039..18429.163 rows=14823489 loops=1)
                                       Filter: (l_returnflag = 'R'::bpchar)
                                       Rows Removed by Filter: 45222732
                                       Buffers: shared hit=556913 read=513824 dirtied=460 written=418
                                 ->  Hash  (cost=269300.45..269300.45 rows=583226 width=8) (actual time=8658.868..8658.868 rows=573838 loops=1)
                                       Buckets: 1048576  Batches: 1  Memory Usage: 30608kB
                                       Buffers: shared hit=223941 read=30604 dirtied=253
                                       ->  Bitmap Heap Scan on orders  (cost=6018.06..269300.45 rows=583226 width=8) (actual time=27.657..8426.449 rows=573838 loops=1)
                                             Recheck Cond: ((o_orderdate >= '1994-07-01'::date) AND (o_orderdate < '1994-10-01'::date))
                                             Rows Removed by Index Recheck: 14441162
                                             Heap Blocks: lossy=254534
                                             Buffers: shared hit=223941 read=30604 dirtied=253
                                             ->  Bitmap Index Scan on orders_o_orderdate_o_orderkey_brin_idx  (cost=0.00..5872.26 rows=583226 width=0) (actual time=27.496..27.496 rows=2545920 loops=1)
                                                   Index Cond: ((o_orderdate >= '1994-07-01'::date) AND (o_orderdate < '1994-10-01'::date))
                                                   Buffers: shared hit=3 read=8
                           ->  Hash  (cost=50278.00..50278.00 rows=1500000 width=145) (actual time=1346.183..1346.183 rows=1500000 loops=1)
                                 Buckets: 2097152  Batches: 1  Memory Usage: 281501kB
                                 Buffers: shared hit=35278
                                 ->  Seq Scan on customer  (cost=0.00..50278.00 rows=1500000 width=145) (actual time=0.009..579.806 rows=1500000 loops=1)
                                       Buffers: shared hit=35278
                     ->  Hash  (cost=1.25..1.25 rows=25 width=30) (actual time=0.019..0.019 rows=25 loops=1)
                           Buckets: 1024  Batches: 1  Memory Usage: 10kB
                           Buffers: shared hit=1
                           ->  Seq Scan on nation  (cost=0.00..1.25 rows=25 width=30) (actual time=0.004..0.006 rows=25 loops=1)
                                 Buffers: shared hit=1
 Planning time: 4.144 ms
 Execution time: 35706.494 ms
(45 rows)

COMMIT;
COMMIT
