BEGIN;
BEGIN
EXPLAIN (ANALYZE, BUFFERS)
select
	l_shipmode,
	sum(case
		when o_orderpriority = '1-URGENT'
			or o_orderpriority = '2-HIGH'
			then 1
		else 0
	end) as high_line_count,
	sum(case
		when o_orderpriority <> '1-URGENT'
			and o_orderpriority <> '2-HIGH'
			then 1
		else 0
	end) as low_line_count
from
	orders,
	lineitem
where
	o_orderkey = l_orderkey
	and l_shipmode in ('MAIL', 'SHIP')
	and l_commitdate < l_receiptdate
	and l_shipdate < l_commitdate
	and l_receiptdate >= date '1994-01-01'
	and l_receiptdate < date '1994-01-01' + interval '1 year'
group by
	l_shipmode
order by
	l_shipmode;
                                                                                                                            QUERY PLAN                                                                                                                            
------------------------------------------------------------------------------------------------------------------------------------------------------------------------------------------------------------------------------------------------------------------
 Sort  (cost=3050110.86..3050110.86 rows=1 width=27) (actual time=34603.156..34603.156 rows=2 loops=1)
   Sort Key: lineitem.l_shipmode
   Sort Method: quicksort  Memory: 25kB
   Buffers: shared hit=658855 read=672998 written=3
   ->  HashAggregate  (cost=3050110.84..3050110.85 rows=1 width=27) (actual time=34603.109..34603.109 rows=2 loops=1)
         Group Key: lineitem.l_shipmode
         Buffers: shared hit=658850 read=672998 written=3
         ->  Hash Join  (cost=596675.08..3044996.44 rows=292251 width=27) (actual time=9533.026..34280.112 rows=311046 loops=1)
               Hash Cond: (lineitem.l_orderkey = orders.o_orderkey)
               Buffers: shared hit=658850 read=672998 written=3
               ->  Seq Scan on lineitem  (cost=0.00..2439188.52 rows=292251 width=15) (actual time=0.401..24401.428 rows=311046 loops=1)
                     Filter: ((l_shipmode = ANY ('{MAIL,SHIP}'::bpchar[])) AND (l_commitdate < l_receiptdate) AND (l_shipdate < l_commitdate) AND (l_receiptdate >= '1994-01-01'::date) AND (l_receiptdate < '1995-01-01 00:00:00'::timestamp without time zone))
                     Rows Removed by Filter: 59733130
                     Buffers: shared hit=505057 read=570987 written=1
               ->  Hash  (cost=407300.59..407300.59 rows=15149959 width=20) (actual time=9486.877..9486.877 rows=15015000 loops=1)
                     Buckets: 16777216  Batches: 1  Memory Usage: 893553kB
                     Buffers: shared hit=153790 read=102011 written=2
                     ->  Seq Scan on orders  (cost=0.00..407300.59 rows=15149959 width=20) (actual time=0.015..4776.663 rows=15015000 loops=1)
                           Buffers: shared hit=153790 read=102011 written=2
 Planning time: 2.682 ms
 Execution time: 34608.576 ms
(21 rows)

COMMIT;
COMMIT
