BEGIN;
BEGIN
EXPLAIN (ANALYZE, BUFFERS)
select
	s_name,
	count(*) as numwait
from
	supplier,
	lineitem l1,
	orders,
	nation
where
	s_suppkey = l1.l_suppkey
	and o_orderkey = l1.l_orderkey
	and o_orderstatus = 'F'
	and l1.l_receiptdate > l1.l_commitdate
	and exists (
		select
			*
		from
			lineitem l2
		where
			l2.l_orderkey = l1.l_orderkey
			and l2.l_suppkey <> l1.l_suppkey
	)
	and not exists (
		select
			*
		from
			lineitem l3
		where
			l3.l_orderkey = l1.l_orderkey
			and l3.l_suppkey <> l1.l_suppkey
			and l3.l_receiptdate > l3.l_commitdate
	)
	and s_nationkey = n_nationkey
	and n_name = 'UNITED STATES'
group by
	s_name
order by
	numwait desc,
	s_name
LIMIT 100;
                                                                                                  QUERY PLAN                                                                                                  
--------------------------------------------------------------------------------------------------------------------------------------------------------------------------------------------------------------
 Limit  (cost=2882055.05..2882055.06 rows=1 width=26) (actual time=41747.047..41747.063 rows=100 loops=1)
   Buffers: shared hit=14026932 read=384750 written=1699
   ->  Sort  (cost=2882055.05..2882055.06 rows=1 width=26) (actual time=41747.046..41747.054 rows=100 loops=1)
         Sort Key: (count(*)), supplier.s_name
         Sort Method: top-N heapsort  Memory: 32kB
         Buffers: shared hit=14026932 read=384750 written=1699
         ->  HashAggregate  (cost=2882055.03..2882055.04 rows=1 width=26) (actual time=41744.642..41745.939 rows=4004 loops=1)
               Group Key: supplier.s_name
               Buffers: shared hit=14026924 read=384750 written=1699
               ->  Nested Loop Anti Join  (cost=2406.88..2882055.03 rows=1 width=26) (actual time=58.125..41685.635 rows=40131 loops=1)
                     Buffers: shared hit=14026924 read=384750 written=1699
                     ->  Nested Loop Semi Join  (cost=2406.31..2882053.24 rows=1 width=34) (actual time=57.737..38842.952 rows=708280 loops=1)
                           Join Filter: (orders.o_orderkey = l2.l_orderkey)
                           Buffers: shared hit=10471760 read=383541 written=1678
                           ->  Nested Loop  (cost=2405.75..2354169.49 rows=394999 width=38) (actual time=57.696..33875.533 rows=734984 loops=1)
                                 Buffers: shared hit=6869069 read=305774 written=622
                                 ->  Hash Join  (cost=2405.31..1927173.04 rows=810997 width=34) (actual time=57.603..26136.627 rows=1521034 loops=1)
                                       Hash Cond: (l1.l_suppkey = supplier.s_suppkey)
                                       Buffers: shared hit=838082 read=244420 written=68
                                       ->  Seq Scan on lineitem l1  (cost=0.00..1840626.77 rows=20274927 width=8) (actual time=0.013..18950.059 rows=37966096 loops=1)
                                             Filter: (l_receiptdate > l_commitdate)
                                             Rows Removed by Filter: 22078937
                                             Buffers: shared hit=835898 read=244419 written=68
                                       ->  Hash  (cost=2355.31..2355.31 rows=4000 width=30) (actual time=57.533..57.533 rows=4004 loops=1)
                                             Buckets: 4096  Batches: 1  Memory Usage: 283kB
                                             Buffers: shared hit=2181 read=1
                                             ->  Nested Loop  (cost=43.00..2355.31 rows=4000 width=30) (actual time=0.308..56.316 rows=4004 loops=1)
                                                   Buffers: shared hit=2181 read=1
                                                   ->  Seq Scan on nation  (cost=0.00..1.31 rows=1 width=4) (actual time=0.008..0.009 rows=1 loops=1)
                                                         Filter: (n_name = 'UNITED STATES'::bpchar)
                                                         Rows Removed by Filter: 24
                                                         Buffers: shared hit=1
                                                   ->  Bitmap Heap Scan on supplier  (cost=43.00..2314.00 rows=4000 width=34) (actual time=0.293..55.641 rows=4004 loops=1)
                                                         Recheck Cond: (s_nationkey = nation.n_nationkey)
                                                         Rows Removed by Index Recheck: 95996
                                                         Heap Blocks: lossy=2179
                                                         Buffers: shared hit=2180 read=1
                                                         ->  Bitmap Index Scan on supplier_s_nationkey_s_suppkey_brin_idx  (cost=0.00..42.00 rows=4000 width=0) (actual time=0.276..0.276 rows=23040 loops=1)
                                                               Index Cond: (s_nationkey = nation.n_nationkey)
                                                               Buffers: shared hit=1 read=1
                                 ->  Index Scan using pk_orders on orders  (cost=0.43..0.52 rows=1 width=4) (actual time=0.004..0.005 rows=0 loops=1521034)
                                       Index Cond: (o_orderkey = l1.l_orderkey)
                                       Filter: (o_orderstatus = 'F'::bpchar)
                                       Rows Removed by Filter: 1
                                       Buffers: shared hit=6030987 read=61354 written=554
                           ->  Index Scan using pk_lineitem on lineitem l2  (cost=0.56..1.15 rows=15 width=8) (actual time=0.006..0.006 rows=1 loops=734984)
                                 Index Cond: (l_orderkey = l1.l_orderkey)
                                 Filter: (l_suppkey <> l1.l_suppkey)
                                 Rows Removed by Filter: 0
                                 Buffers: shared hit=3602691 read=77767 written=1056
                     ->  Index Scan using pk_lineitem on lineitem l3  (cost=0.56..1.15 rows=5 width=8) (actual time=0.004..0.004 rows=1 loops=708280)
                           Index Cond: (l_orderkey = l1.l_orderkey)
                           Filter: ((l_receiptdate > l_commitdate) AND (l_suppkey <> l1.l_suppkey))
                           Rows Removed by Filter: 1
                           Buffers: shared hit=3555164 read=1209 written=21
 Planning time: 8.826 ms
 Execution time: 41747.378 ms
(57 rows)

COMMIT;
COMMIT
