BEGIN;
BEGIN
EXPLAIN (ANALYZE, BUFFERS)
select
	c_custkey,
	c_name,
	sum(l_extendedprice * (1 - l_discount)) as revenue,
	c_acctbal,
	n_name,
	c_address,
	c_phone,
	c_comment
from
	customer,
	orders,
	lineitem,
	nation
where
	c_custkey = o_custkey
	and l_orderkey = o_orderkey
	and o_orderdate >= date '1994-05-01'
	and o_orderdate < cast(date '1994-05-01' + interval '3 month' as date)
	and l_returnflag = 'R'
	and c_nationkey = n_nationkey
group by
	c_custkey,
	c_name,
	c_acctbal,
	c_phone,
	n_name,
	c_address,
	c_comment
order by
	revenue desc
LIMIT 20;
                                                                                               QUERY PLAN                                                                                                
---------------------------------------------------------------------------------------------------------------------------------------------------------------------------------------------------------
 Limit  (cost=2296400.80..2296400.85 rows=20 width=175) (actual time=34828.488..34828.494 rows=20 loops=1)
   Buffers: shared hit=522378 read=846086 dirtied=1563 written=1021
   ->  Sort  (cost=2296400.80..2297842.97 rows=576865 width=175) (actual time=34828.486..34828.487 rows=20 loops=1)
         Sort Key: (sum((lineitem.l_extendedprice * (1::double precision - lineitem.l_discount))))
         Sort Method: top-N heapsort  Memory: 30kB
         Buffers: shared hit=522378 read=846086 dirtied=1563 written=1021
         ->  HashAggregate  (cost=2275281.98..2281050.63 rows=576865 width=175) (actual time=34475.596..34689.912 rows=381720 loops=1)
               Group Key: customer.c_custkey, customer.c_name, customer.c_acctbal, customer.c_phone, nation.n_name, customer.c_address, customer.c_comment
               Buffers: shared hit=522375 read=846086 dirtied=1563 written=1021
               ->  Hash Join  (cost=347176.77..2260860.36 rows=576865 width=175) (actual time=7335.012..32352.203 rows=1149696 loops=1)
                     Hash Cond: (customer.c_nationkey = nation.n_nationkey)
                     Buffers: shared hit=522375 read=846086 dirtied=1563 written=1021
                     ->  Hash Join  (cost=347175.21..2252926.90 rows=576865 width=153) (actual time=7334.980..31852.520 rows=1149696 loops=1)
                           Hash Cond: (orders.o_custkey = customer.c_custkey)
                           Buffers: shared hit=522374 read=846086 dirtied=1563 written=1021
                           ->  Hash Join  (cost=278147.21..2175245.93 rows=576865 width=12) (actual time=5813.578..29586.879 rows=1149696 loops=1)
                                 Hash Cond: (lineitem.l_orderkey = orders.o_orderkey)
                                 Buffers: shared hit=487096 read=846086 dirtied=1563 written=1021
                                 ->  Seq Scan on lineitem  (cost=0.00..1835174.68 rows=14974772 width=12) (actual time=0.040..20402.383 rows=14822651 loops=1)
                                       Filter: (l_returnflag = 'R'::bpchar)
                                       Rows Removed by Filter: 45222221
                                       Buffers: shared hit=265377 read=811740 dirtied=1057 written=1013
                                 ->  Hash  (cost=270844.82..270844.82 rows=584191 width=8) (actual time=5808.578..5808.578 rows=574511 loops=1)
                                       Buckets: 1048576  Batches: 1  Memory Usage: 30634kB
                                       Buffers: shared hit=221719 read=34346 dirtied=506 written=8
                                       ->  Bitmap Heap Scan on orders  (cost=6027.95..270844.82 rows=584191 width=8) (actual time=27.846..5594.774 rows=574511 loops=1)
                                             Recheck Cond: ((o_orderdate >= '1994-05-01'::date) AND (o_orderdate < '1994-08-01'::date))
                                             Rows Removed by Index Recheck: 14440489
                                             Heap Blocks: lossy=256054
                                             Buffers: shared hit=221719 read=34346 dirtied=506 written=8
                                             ->  Bitmap Index Scan on orders_o_orderdate_o_orderkey_brin_idx  (cost=0.00..5881.91 rows=584191 width=0) (actual time=27.683..27.683 rows=2561280 loops=1)
                                                   Index Cond: ((o_orderdate >= '1994-05-01'::date) AND (o_orderdate < '1994-08-01'::date))
                                                   Buffers: shared hit=3 read=8
                           ->  Hash  (cost=50278.00..50278.00 rows=1500000 width=145) (actual time=1511.815..1511.815 rows=1500000 loops=1)
                                 Buckets: 2097152  Batches: 1  Memory Usage: 281501kB
                                 Buffers: shared hit=35278
                                 ->  Seq Scan on customer  (cost=0.00..50278.00 rows=1500000 width=145) (actual time=0.013..601.237 rows=1500000 loops=1)
                                       Buffers: shared hit=35278
                     ->  Hash  (cost=1.25..1.25 rows=25 width=30) (actual time=0.020..0.020 rows=25 loops=1)
                           Buckets: 1024  Batches: 1  Memory Usage: 10kB
                           Buffers: shared hit=1
                           ->  Seq Scan on nation  (cost=0.00..1.25 rows=25 width=30) (actual time=0.005..0.011 rows=25 loops=1)
                                 Buffers: shared hit=1
 Planning time: 4.486 ms
 Execution time: 34844.855 ms
(45 rows)

COMMIT;
COMMIT
