BEGIN;
BEGIN
EXPLAIN (ANALYZE, BUFFERS)
select
	l_shipmode,
	sum(case
		when o_orderpriority = '1-URGENT'
			or o_orderpriority = '2-HIGH'
			then 1
		else 0
	end) as high_line_count,
	sum(case
		when o_orderpriority <> '1-URGENT'
			and o_orderpriority <> '2-HIGH'
			then 1
		else 0
	end) as low_line_count
from
	orders,
	lineitem
where
	o_orderkey = l_orderkey
	and l_shipmode in ('SHIP', 'MAIL')
	and l_commitdate < l_receiptdate
	and l_shipdate < l_commitdate
	and l_receiptdate >= date '1996-01-01'
	and l_receiptdate < date '1996-01-01' + interval '1 year'
group by
	l_shipmode
order by
	l_shipmode;
                                                                                                                            QUERY PLAN                                                                                                                            
------------------------------------------------------------------------------------------------------------------------------------------------------------------------------------------------------------------------------------------------------------------
 Sort  (cost=3068223.82..3068223.82 rows=1 width=27) (actual time=35894.715..35894.715 rows=2 loops=1)
   Sort Key: lineitem.l_shipmode
   Sort Method: quicksort  Memory: 25kB
   Buffers: shared hit=571228 read=768543 dirtied=1300 written=2599
   ->  HashAggregate  (cost=3068223.80..3068223.81 rows=1 width=27) (actual time=35894.667..35894.667 rows=2 loops=1)
         Group Key: lineitem.l_shipmode
         Buffers: shared hit=571223 read=768543 dirtied=1300 written=2599
         ->  Hash Join  (cost=600218.27..3063086.27 rows=293573 width=27) (actual time=10629.417..35561.728 rows=312591 loops=1)
               Hash Cond: (lineitem.l_orderkey = orders.o_orderkey)
               Buffers: shared hit=571223 read=768543 dirtied=1300 written=2599
               ->  Seq Scan on lineitem  (cost=0.00..2453693.84 rows=293573 width=15) (actual time=0.232..24565.710 rows=312591 loops=1)
                     Filter: ((l_shipmode = ANY ('{SHIP,MAIL}'::bpchar[])) AND (l_commitdate < l_receiptdate) AND (l_shipdate < l_commitdate) AND (l_receiptdate >= '1996-01-01'::date) AND (l_receiptdate < '1997-01-01 00:00:00'::timestamp without time zone))
                     Rows Removed by Filter: 59732025
                     Buffers: shared hit=378054 read=704389 dirtied=1046 written=914
               ->  Hash  (cost=409719.23..409719.23 rows=15239923 width=20) (actual time=10555.622..10555.622 rows=15015000 loops=1)
                     Buckets: 16777216  Batches: 1  Memory Usage: 893553kB
                     Buffers: shared hit=193166 read=64154 dirtied=254 written=1685
                     ->  Seq Scan on orders  (cost=0.00..409719.23 rows=15239923 width=20) (actual time=0.016..5029.844 rows=15015000 loops=1)
                           Buffers: shared hit=193166 read=64154 dirtied=254 written=1685
 Planning time: 14.242 ms
 Execution time: 35909.630 ms
(21 rows)

COMMIT;
COMMIT
