BEGIN;
BEGIN
EXPLAIN (ANALYZE, BUFFERS)
select
	s_name,
	count(*) as numwait
from
	supplier,
	lineitem l1,
	orders,
	nation
where
	s_suppkey = l1.l_suppkey
	and o_orderkey = l1.l_orderkey
	and o_orderstatus = 'F'
	and l1.l_receiptdate > l1.l_commitdate
	and exists (
		select
			*
		from
			lineitem l2
		where
			l2.l_orderkey = l1.l_orderkey
			and l2.l_suppkey <> l1.l_suppkey
	)
	and not exists (
		select
			*
		from
			lineitem l3
		where
			l3.l_orderkey = l1.l_orderkey
			and l3.l_suppkey <> l1.l_suppkey
			and l3.l_receiptdate > l3.l_commitdate
	)
	and s_nationkey = n_nationkey
	and n_name = 'IRAQ'
group by
	s_name
order by
	numwait desc,
	s_name
LIMIT 100;
                                                                                                  QUERY PLAN                                                                                                  
--------------------------------------------------------------------------------------------------------------------------------------------------------------------------------------------------------------
 Limit  (cost=2882055.05..2882055.06 rows=1 width=26) (actual time=44187.373..44187.394 rows=100 loops=1)
   Buffers: shared hit=14316912 read=402008 written=700
   ->  Sort  (cost=2882055.05..2882055.06 rows=1 width=26) (actual time=44187.371..44187.378 rows=100 loops=1)
         Sort Key: (count(*)), supplier.s_name
         Sort Method: top-N heapsort  Memory: 32kB
         Buffers: shared hit=14316912 read=402008 written=700
         ->  HashAggregate  (cost=2882055.03..2882055.04 rows=1 width=26) (actual time=44185.081..44186.213 rows=4095 loops=1)
               Group Key: supplier.s_name
               Buffers: shared hit=14316904 read=402008 written=700
               ->  Nested Loop Anti Join  (cost=2406.88..2882055.03 rows=1 width=26) (actual time=35.764..44117.763 rows=40968 loops=1)
                     Buffers: shared hit=14316904 read=402008 written=700
                     ->  Nested Loop Semi Join  (cost=2406.31..2882053.24 rows=1 width=34) (actual time=35.386..40892.547 rows=724684 loops=1)
                           Join Filter: (orders.o_orderkey = l2.l_orderkey)
                           Buffers: shared hit=10679659 read=400408 written=679
                           ->  Nested Loop  (cost=2405.75..2354169.49 rows=394999 width=38) (actual time=35.315..35636.320 rows=752076 loops=1)
                                 Buffers: shared hit=7032508 read=281505 written=100
                                 ->  Hash Join  (cost=2405.31..1927173.04 rows=810997 width=34) (actual time=35.219..27762.137 rows=1555785 loops=1)
                                       Hash Cond: (l1.l_suppkey = supplier.s_suppkey)
                                       Buffers: shared hit=821315 read=261187 written=57
                                       ->  Seq Scan on lineitem l1  (cost=0.00..1840626.77 rows=20274927 width=8) (actual time=0.014..19947.438 rows=37966096 loops=1)
                                             Filter: (l_receiptdate > l_commitdate)
                                             Rows Removed by Filter: 22078937
                                             Buffers: shared hit=819131 read=261186 written=57
                                       ->  Hash  (cost=2355.31..2355.31 rows=4000 width=30) (actual time=35.132..35.132 rows=4095 loops=1)
                                             Buckets: 4096  Batches: 1  Memory Usage: 288kB
                                             Buffers: shared hit=2181 read=1
                                             ->  Nested Loop  (cost=43.00..2355.31 rows=4000 width=30) (actual time=0.327..33.825 rows=4095 loops=1)
                                                   Buffers: shared hit=2181 read=1
                                                   ->  Seq Scan on nation  (cost=0.00..1.31 rows=1 width=4) (actual time=0.006..0.011 rows=1 loops=1)
                                                         Filter: (n_name = 'IRAQ'::bpchar)
                                                         Rows Removed by Filter: 24
                                                         Buffers: shared hit=1
                                                   ->  Bitmap Heap Scan on supplier  (cost=43.00..2314.00 rows=4000 width=34) (actual time=0.314..33.048 rows=4095 loops=1)
                                                         Recheck Cond: (s_nationkey = nation.n_nationkey)
                                                         Rows Removed by Index Recheck: 95905
                                                         Heap Blocks: lossy=2179
                                                         Buffers: shared hit=2180 read=1
                                                         ->  Bitmap Index Scan on supplier_s_nationkey_s_suppkey_brin_idx  (cost=0.00..42.00 rows=4000 width=0) (actual time=0.268..0.268 rows=23040 loops=1)
                                                               Index Cond: (s_nationkey = nation.n_nationkey)
                                                               Buffers: shared hit=1 read=1
                                 ->  Index Scan using pk_orders on orders  (cost=0.43..0.52 rows=1 width=4) (actual time=0.004..0.005 rows=0 loops=1555785)
                                       Index Cond: (o_orderkey = l1.l_orderkey)
                                       Filter: (o_orderstatus = 'F'::bpchar)
                                       Rows Removed by Filter: 1
                                       Buffers: shared hit=6211193 read=20318 written=43
                           ->  Index Scan using pk_lineitem on lineitem l2  (cost=0.56..1.15 rows=15 width=8) (actual time=0.006..0.006 rows=1 loops=752076)
                                 Index Cond: (l_orderkey = l1.l_orderkey)
                                 Filter: (l_suppkey <> l1.l_suppkey)
                                 Rows Removed by Filter: 0
                                 Buffers: shared hit=3647151 read=118903 written=579
                     ->  Index Scan using pk_lineitem on lineitem l3  (cost=0.56..1.15 rows=5 width=8) (actual time=0.004..0.004 rows=1 loops=724684)
                           Index Cond: (l_orderkey = l1.l_orderkey)
                           Filter: ((l_receiptdate > l_commitdate) AND (l_suppkey <> l1.l_suppkey))
                           Rows Removed by Filter: 1
                           Buffers: shared hit=3637245 read=1600 written=21
 Planning time: 10.119 ms
 Execution time: 44187.706 ms
(57 rows)

COMMIT;
COMMIT
