BEGIN;
BEGIN
EXPLAIN (ANALYZE, BUFFERS)
select
	c_custkey,
	c_name,
	sum(l_extendedprice * (1 - l_discount)) as revenue,
	c_acctbal,
	n_name,
	c_address,
	c_phone,
	c_comment
from
	customer,
	orders,
	lineitem,
	nation
where
	c_custkey = o_custkey
	and l_orderkey = o_orderkey
	and o_orderdate >= date '1994-05-01'
	and o_orderdate < cast(date '1994-05-01' + interval '3 month' as date)
	and l_returnflag = 'R'
	and c_nationkey = n_nationkey
group by
	c_custkey,
	c_name,
	c_acctbal,
	c_phone,
	n_name,
	c_address,
	c_comment
order by
	revenue desc
LIMIT 20;
                                                                                               QUERY PLAN                                                                                                
---------------------------------------------------------------------------------------------------------------------------------------------------------------------------------------------------------
 Limit  (cost=2291971.21..2291971.26 rows=20 width=175) (actual time=33850.295..33850.302 rows=20 loops=1)
   Buffers: shared hit=661899 read=703915 written=16
   ->  Sort  (cost=2291971.21..2293410.50 rows=575716 width=175) (actual time=33850.292..33850.297 rows=20 loops=1)
         Sort Key: (sum((lineitem.l_extendedprice * (1::double precision - lineitem.l_discount))))
         Sort Method: top-N heapsort  Memory: 30kB
         Buffers: shared hit=661899 read=703915 written=16
         ->  HashAggregate  (cost=2270894.45..2276651.61 rows=575716 width=175) (actual time=33458.656..33710.688 rows=381752 loops=1)
               Group Key: customer.c_custkey, customer.c_name, customer.c_acctbal, customer.c_phone, nation.n_name, customer.c_address, customer.c_comment
               Buffers: shared hit=661896 read=703915 written=16
               ->  Hash Join  (cost=346627.17..2256501.55 rows=575716 width=175) (actual time=8605.257..31398.839 rows=1149764 loops=1)
                     Hash Cond: (customer.c_nationkey = nation.n_nationkey)
                     Buffers: shared hit=661896 read=703915 written=16
                     ->  Hash Join  (cost=346625.61..2248583.89 rows=575716 width=153) (actual time=8605.225..30986.194 rows=1149764 loops=1)
                           Hash Cond: (orders.o_custkey = customer.c_custkey)
                           Buffers: shared hit=661895 read=703915 written=16
                           ->  Hash Join  (cost=277597.61..2170920.15 rows=575716 width=12) (actual time=7160.447..28776.878 rows=1149764 loops=1)
                                 Hash Cond: (lineitem.l_orderkey = orders.o_orderkey)
                                 Buffers: shared hit=626617 read=703915 written=16
                                 ->  Seq Scan on lineitem  (cost=0.00..1831521.76 rows=14944965 width=12) (actual time=0.044..18185.181 rows=14822845 loops=1)
                                       Filter: (l_returnflag = 'R'::bpchar)
                                       Rows Removed by Filter: 45221237
                                       Buffers: shared hit=388381 read=686592 written=1
                                 ->  Hash  (cost=270309.66..270309.66 rows=583036 width=8) (actual time=7155.784..7155.784 rows=574499 loops=1)
                                       Buckets: 1048576  Batches: 1  Memory Usage: 30634kB
                                       Buffers: shared hit=238236 read=17323 written=15
                                       ->  Bitmap Heap Scan on orders  (cost=6016.12..270309.66 rows=583036 width=8) (actual time=27.717..6879.461 rows=574499 loops=1)
                                             Recheck Cond: ((o_orderdate >= '1994-05-01'::date) AND (o_orderdate < '1994-08-01'::date))
                                             Rows Removed by Index Recheck: 14440501
                                             Heap Blocks: lossy=255548
                                             Buffers: shared hit=238236 read=17323 written=15
                                             ->  Bitmap Index Scan on orders_o_orderdate_o_orderkey_brin_idx  (cost=0.00..5870.36 rows=583036 width=0) (actual time=27.548..27.548 rows=2556160 loops=1)
                                                   Index Cond: ((o_orderdate >= '1994-05-01'::date) AND (o_orderdate < '1994-08-01'::date))
                                                   Buffers: shared hit=3 read=8
                           ->  Hash  (cost=50278.00..50278.00 rows=1500000 width=145) (actual time=1438.579..1438.579 rows=1500000 loops=1)
                                 Buckets: 2097152  Batches: 1  Memory Usage: 281501kB
                                 Buffers: shared hit=35278
                                 ->  Seq Scan on customer  (cost=0.00..50278.00 rows=1500000 width=145) (actual time=0.008..589.188 rows=1500000 loops=1)
                                       Buffers: shared hit=35278
                     ->  Hash  (cost=1.25..1.25 rows=25 width=30) (actual time=0.020..0.020 rows=25 loops=1)
                           Buckets: 1024  Batches: 1  Memory Usage: 10kB
                           Buffers: shared hit=1
                           ->  Seq Scan on nation  (cost=0.00..1.25 rows=25 width=30) (actual time=0.004..0.007 rows=25 loops=1)
                                 Buffers: shared hit=1
 Planning time: 4.739 ms
 Execution time: 33861.778 ms
(45 rows)

COMMIT;
COMMIT
