BEGIN;
BEGIN
EXPLAIN (ANALYZE, BUFFERS)
select
	c_custkey,
	c_name,
	sum(l_extendedprice * (1 - l_discount)) as revenue,
	c_acctbal,
	n_name,
	c_address,
	c_phone,
	c_comment
from
	customer,
	orders,
	lineitem,
	nation
where
	c_custkey = o_custkey
	and l_orderkey = o_orderkey
	and o_orderdate >= date '1993-02-01'
	and o_orderdate < cast(date '1993-02-01' + interval '3 month' as date)
	and l_returnflag = 'R'
	and c_nationkey = n_nationkey
group by
	c_custkey,
	c_name,
	c_acctbal,
	c_phone,
	n_name,
	c_address,
	c_comment
order by
	revenue desc
LIMIT 20;
                                                                                               QUERY PLAN                                                                                                
---------------------------------------------------------------------------------------------------------------------------------------------------------------------------------------------------------
 Limit  (cost=2290741.64..2290741.69 rows=20 width=175) (actual time=33361.327..33361.334 rows=20 loops=1)
   Buffers: shared hit=896310 read=470828 written=1
   ->  Sort  (cost=2290741.64..2292120.27 rows=551450 width=175) (actual time=33361.324..33361.326 rows=20 loops=1)
         Sort Key: (sum((lineitem.l_extendedprice * (1::double precision - lineitem.l_discount))))
         Sort Method: top-N heapsort  Memory: 30kB
         Buffers: shared hit=896310 read=470828 written=1
         ->  HashAggregate  (cost=2270553.25..2276067.75 rows=551450 width=175) (actual time=33032.642..33224.819 rows=372912 loops=1)
               Group Key: customer.c_custkey, customer.c_name, customer.c_acctbal, customer.c_phone, nation.n_name, customer.c_address, customer.c_comment
               Buffers: shared hit=896307 read=470828 written=1
               ->  Hash Join  (cost=345952.35..2256767.00 rows=551450 width=175) (actual time=10023.285..31157.639 rows=1113966 loops=1)
                     Hash Cond: (customer.c_nationkey = nation.n_nationkey)
                     Buffers: shared hit=896307 read=470828 written=1
                     ->  Hash Join  (cost=345950.79..2249183.00 rows=551450 width=153) (actual time=10023.257..30757.086 rows=1113966 loops=1)
                           Hash Cond: (orders.o_custkey = customer.c_custkey)
                           Buffers: shared hit=896306 read=470828 written=1
                           ->  Hash Join  (cost=276922.79..2171883.25 rows=551450 width=12) (actual time=8373.150..28423.138 rows=1113966 loops=1)
                                 Hash Cond: (lineitem.l_orderkey = orders.o_orderkey)
                                 Buffers: shared hit=896304 read=435552 written=1
                                 ->  Seq Scan on lineitem  (cost=0.00..1833346.51 rows=14959855 width=12) (actual time=0.038..16892.887 rows=14822772 loops=1)
                                       Filter: (l_returnflag = 'R'::bpchar)
                                       Rows Removed by Filter: 45221404
                                       Buffers: shared hit=736351 read=339693 written=1
                                 ->  Hash  (cost=269942.06..269942.06 rows=558458 width=8) (actual time=8368.452..8368.452 rows=555742 loops=1)
                                       Buckets: 1048576  Batches: 1  Memory Usage: 29901kB
                                       Buffers: shared hit=159953 read=95859
                                       ->  Bitmap Heap Scan on orders  (cost=5764.19..269942.06 rows=558458 width=8) (actual time=27.754..8124.636 rows=555742 loops=1)
                                             Recheck Cond: ((o_orderdate >= '1993-02-01'::date) AND (o_orderdate < '1993-05-01'::date))
                                             Rows Removed by Index Recheck: 14459258
                                             Heap Blocks: lossy=255801
                                             Buffers: shared hit=159953 read=95859
                                             ->  Bitmap Index Scan on orders_o_orderdate_o_orderkey_brin_idx  (cost=0.00..5624.58 rows=558458 width=0) (actual time=27.570..27.570 rows=2558720 loops=1)
                                                   Index Cond: ((o_orderdate >= '1993-02-01'::date) AND (o_orderdate < '1993-05-01'::date))
                                                   Buffers: shared hit=3 read=8
                           ->  Hash  (cost=50278.00..50278.00 rows=1500000 width=145) (actual time=1643.939..1643.939 rows=1500000 loops=1)
                                 Buckets: 2097152  Batches: 1  Memory Usage: 281501kB
                                 Buffers: shared hit=2 read=35276
                                 ->  Seq Scan on customer  (cost=0.00..50278.00 rows=1500000 width=145) (actual time=0.004..850.784 rows=1500000 loops=1)
                                       Buffers: shared hit=2 read=35276
                     ->  Hash  (cost=1.25..1.25 rows=25 width=30) (actual time=0.018..0.018 rows=25 loops=1)
                           Buckets: 1024  Batches: 1  Memory Usage: 10kB
                           Buffers: shared hit=1
                           ->  Seq Scan on nation  (cost=0.00..1.25 rows=25 width=30) (actual time=0.005..0.007 rows=25 loops=1)
                                 Buffers: shared hit=1
 Planning time: 4.408 ms
 Execution time: 33373.177 ms
(45 rows)

COMMIT;
COMMIT
