BEGIN;
BEGIN
EXPLAIN (ANALYZE, BUFFERS)
select
	l_shipmode,
	sum(case
		when o_orderpriority = '1-URGENT'
			or o_orderpriority = '2-HIGH'
			then 1
		else 0
	end) as high_line_count,
	sum(case
		when o_orderpriority <> '1-URGENT'
			and o_orderpriority <> '2-HIGH'
			then 1
		else 0
	end) as low_line_count
from
	orders,
	lineitem
where
	o_orderkey = l_orderkey
	and l_shipmode in ('FOB', 'MAIL')
	and l_commitdate < l_receiptdate
	and l_shipdate < l_commitdate
	and l_receiptdate >= date '1997-01-01'
	and l_receiptdate < date '1997-01-01' + interval '1 year'
group by
	l_shipmode
order by
	l_shipmode;
                                                                                                                           QUERY PLAN                                                                                                                            
-----------------------------------------------------------------------------------------------------------------------------------------------------------------------------------------------------------------------------------------------------------------
 Sort  (cost=3035011.62..3035011.63 rows=1 width=27) (actual time=34416.022..34416.022 rows=2 loops=1)
   Sort Key: lineitem.l_shipmode
   Sort Method: quicksort  Memory: 25kB
   Buffers: shared hit=945567 read=379712
   ->  HashAggregate  (cost=3035011.60..3035011.61 rows=1 width=27) (actual time=34415.971..34415.972 rows=2 loops=1)
         Group Key: lineitem.l_shipmode
         Buffers: shared hit=945562 read=379712
         ->  Hash Join  (cost=593719.70..3029938.09 rows=289915 width=27) (actual time=9209.525..34104.534 rows=310988 loops=1)
               Hash Cond: (lineitem.l_orderkey = orders.o_orderkey)
               Buffers: shared hit=945562 read=379712
               ->  Seq Scan on lineitem  (cost=0.00..2427158.54 rows=289915 width=15) (actual time=0.125..24509.792 rows=310988 loops=1)
                     Filter: ((l_shipmode = ANY ('{FOB,MAIL}'::bpchar[])) AND (l_commitdate < l_receiptdate) AND (l_shipdate < l_commitdate) AND (l_receiptdate >= '1997-01-01'::date) AND (l_receiptdate < '1998-01-01 00:00:00'::timestamp without time zone))
                     Rows Removed by Filter: 59735233
                     Buffers: shared hit=691025 read=379712
               ->  Hash  (cost=405283.20..405283.20 rows=15074920 width=20) (actual time=9058.872..9058.872 rows=15015000 loops=1)
                     Buckets: 16777216  Batches: 1  Memory Usage: 893553kB
                     Buffers: shared hit=254534
                     ->  Seq Scan on orders  (cost=0.00..405283.20 rows=15074920 width=20) (actual time=0.012..4080.749 rows=15015000 loops=1)
                           Buffers: shared hit=254534
 Planning time: 2.360 ms
 Execution time: 34433.114 ms
(21 rows)

COMMIT;
COMMIT
