BEGIN;
BEGIN
EXPLAIN (ANALYZE, BUFFERS)
select
	s_name,
	count(*) as numwait
from
	supplier,
	lineitem l1,
	orders,
	nation
where
	s_suppkey = l1.l_suppkey
	and o_orderkey = l1.l_orderkey
	and o_orderstatus = 'F'
	and l1.l_receiptdate > l1.l_commitdate
	and exists (
		select
			*
		from
			lineitem l2
		where
			l2.l_orderkey = l1.l_orderkey
			and l2.l_suppkey <> l1.l_suppkey
	)
	and not exists (
		select
			*
		from
			lineitem l3
		where
			l3.l_orderkey = l1.l_orderkey
			and l3.l_suppkey <> l1.l_suppkey
			and l3.l_receiptdate > l3.l_commitdate
	)
	and s_nationkey = n_nationkey
	and n_name = 'CANADA'
group by
	s_name
order by
	numwait desc,
	s_name
LIMIT 100;
                                                                                                  QUERY PLAN                                                                                                  
--------------------------------------------------------------------------------------------------------------------------------------------------------------------------------------------------------------
 Limit  (cost=2847799.67..2847799.67 rows=1 width=26) (actual time=44727.993..44728.008 rows=100 loops=1)
   Buffers: shared hit=14327043 read=227577 written=869
   ->  Sort  (cost=2847799.67..2847799.67 rows=1 width=26) (actual time=44727.992..44727.999 rows=100 loops=1)
         Sort Key: (count(*)), supplier.s_name
         Sort Method: top-N heapsort  Memory: 32kB
         Buffers: shared hit=14327043 read=227577 written=869
         ->  HashAggregate  (cost=2847799.65..2847799.66 rows=1 width=26) (actual time=44725.431..44726.763 rows=4054 loops=1)
               Group Key: supplier.s_name
               Buffers: shared hit=14327035 read=227577 written=869
               ->  Nested Loop Anti Join  (cost=2406.88..2847799.64 rows=1 width=26) (actual time=53.488..44667.994 rows=40173 loops=1)
                     Buffers: shared hit=14327035 read=227577 written=869
                     ->  Nested Loop Semi Join  (cost=2406.31..2847797.86 rows=1 width=34) (actual time=51.970..41695.433 rows=716646 loops=1)
                           Join Filter: (orders.o_orderkey = l2.l_orderkey)
                           Buffers: shared hit=10729422 read=226881 written=868
                           ->  Nested Loop  (cost=2405.75..2326283.63 rows=390328 width=38) (actual time=51.940..37144.292 rows=743941 loops=1)
                                 Buffers: shared hit=7031742 read=199239 written=762
                                 ->  Hash Join  (cost=2405.31..1904414.01 rows=801408 width=34) (actual time=51.702..28230.040 rows=1538206 loops=1)
                                       Hash Cond: (l1.l_suppkey = supplier.s_suppkey)
                                       Buffers: shared hit=904822 read=164906 written=8
                                       ->  Seq Scan on lineitem l1  (cost=0.00..1818862.65 rows=20035191 width=8) (actual time=0.016..20587.833 rows=37966905 loops=1)
                                             Filter: (l_receiptdate > l_commitdate)
                                             Rows Removed by Filter: 22078698
                                             Buffers: shared hit=902638 read=164905 written=8
                                       ->  Hash  (cost=2355.31..2355.31 rows=4000 width=30) (actual time=51.630..51.630 rows=4054 loops=1)
                                             Buckets: 4096  Batches: 1  Memory Usage: 286kB
                                             Buffers: shared hit=2181 read=1
                                             ->  Nested Loop  (cost=43.00..2355.31 rows=4000 width=30) (actual time=0.295..50.481 rows=4054 loops=1)
                                                   Buffers: shared hit=2181 read=1
                                                   ->  Seq Scan on nation  (cost=0.00..1.31 rows=1 width=4) (actual time=0.005..0.011 rows=1 loops=1)
                                                         Filter: (n_name = 'CANADA'::bpchar)
                                                         Rows Removed by Filter: 24
                                                         Buffers: shared hit=1
                                                   ->  Bitmap Heap Scan on supplier  (cost=43.00..2314.00 rows=4000 width=34) (actual time=0.284..49.829 rows=4054 loops=1)
                                                         Recheck Cond: (s_nationkey = nation.n_nationkey)
                                                         Rows Removed by Index Recheck: 95946
                                                         Heap Blocks: lossy=2179
                                                         Buffers: shared hit=2180 read=1
                                                         ->  Bitmap Index Scan on supplier_s_nationkey_s_suppkey_brin_idx  (cost=0.00..42.00 rows=4000 width=0) (actual time=0.268..0.268 rows=23040 loops=1)
                                                               Index Cond: (s_nationkey = nation.n_nationkey)
                                                               Buffers: shared hit=1 read=1
                                 ->  Index Scan using pk_orders on orders  (cost=0.43..0.52 rows=1 width=4) (actual time=0.005..0.005 rows=0 loops=1538206)
                                       Index Cond: (o_orderkey = l1.l_orderkey)
                                       Filter: (o_orderstatus = 'F'::bpchar)
                                       Rows Removed by Filter: 1
                                       Buffers: shared hit=6126920 read=34333 written=754
                           ->  Index Scan using pk_lineitem on lineitem l2  (cost=0.56..1.15 rows=15 width=8) (actual time=0.005..0.005 rows=1 loops=743941)
                                 Index Cond: (l_orderkey = l1.l_orderkey)
                                 Filter: (l_suppkey <> l1.l_suppkey)
                                 Rows Removed by Filter: 0
                                 Buffers: shared hit=3697680 read=27642 written=106
                     ->  Index Scan using pk_lineitem on lineitem l3  (cost=0.56..1.15 rows=5 width=8) (actual time=0.004..0.004 rows=1 loops=716646)
                           Index Cond: (l_orderkey = l1.l_orderkey)
                           Filter: ((l_receiptdate > l_commitdate) AND (l_suppkey <> l1.l_suppkey))
                           Rows Removed by Filter: 1
                           Buffers: shared hit=3597613 read=696 written=1
 Planning time: 8.482 ms
 Execution time: 44728.335 ms
(57 rows)

COMMIT;
COMMIT
