BEGIN;
BEGIN
EXPLAIN (ANALYZE, BUFFERS)
select
	sum(l_extendedprice* (1 - l_discount)) as revenue
from
	lineitem,
	part
where
	(
		p_partkey = l_partkey
		and p_brand = 'Brand#53'
		and p_container in ('SM CASE', 'SM BOX', 'SM PACK', 'SM PKG')
		and l_quantity >= 1 and l_quantity <= 1+10
		and p_size between 1 and 5
		and l_shipmode in ('AIR', 'AIR REG')
		and l_shipinstruct = 'DELIVER IN PERSON'
	)
	or
	(
		p_partkey = l_partkey
		and p_brand = 'Brand#41'
		and p_container in ('MED BAG', 'MED BOX', 'MED PKG', 'MED PACK')
		and l_quantity >= 16 and l_quantity <= 16+10
		and p_size between 1 and 10
		and l_shipmode in ('AIR', 'AIR REG')
		and l_shipinstruct = 'DELIVER IN PERSON'
	)
	or
	(
		p_partkey = l_partkey
		and p_brand = 'Brand#52'
		and p_container in ('LG CASE', 'LG BOX', 'LG PACK', 'LG PKG')
		and l_quantity >= 26 and l_quantity <= 26+10
		and p_size between 1 and 15
		and l_shipmode in ('AIR', 'AIR REG')
		and l_shipinstruct = 'DELIVER IN PERSON'
	);
                                                                                                                                                                                                                                                                                                                                                                                                                                                                                                                                                  QUERY PLAN                                                                                                                                                                                                                                                                                                                                                                                                                                                                                                                                                  
--------------------------------------------------------------------------------------------------------------------------------------------------------------------------------------------------------------------------------------------------------------------------------------------------------------------------------------------------------------------------------------------------------------------------------------------------------------------------------------------------------------------------------------------------------------------------------------------------------------------------------------------------------------------------------------------------------------------------------------------------------------------------------------------------------------------------------------------------------------------------------------------------------------------------------------------------------------------------------------------------------------------------------------------------------------------------------------------------------------
 Aggregate  (cost=635396.85..635396.86 rows=1 width=8) (actual time=1794.113..1794.113 rows=1 loops=1)
   Buffers: shared hit=104198 read=80967 dirtied=861 written=220
   ->  Nested Loop  (cost=12870.62..635388.34 rows=1135 width=8) (actual time=34.825..1793.124 rows=1158 loops=1)
         Buffers: shared hit=104198 read=80967 dirtied=861 written=220
         ->  Bitmap Heap Scan on part  (cost=12870.06..26670.47 rows=4803 width=30) (actual time=32.941..283.572 rows=4842 loops=1)
               Recheck Cond: (((p_container = ANY ('{"SM CASE","SM BOX","SM PACK","SM PKG"}'::bpchar[])) AND (p_brand = 'Brand#53'::bpchar) AND (p_size <= 5) AND (p_size >= 1)) OR ((p_container = ANY ('{"MED BAG","MED BOX","MED PKG","MED PACK"}'::bpchar[])) AND (p_brand = 'Brand#41'::bpchar) AND (p_size <= 10) AND (p_size >= 1)) OR ((p_container = ANY ('{"LG CASE","LG BOX","LG PACK","LG PKG"}'::bpchar[])) AND (p_brand = 'Brand#52'::bpchar) AND (p_size <= 15) AND (p_size >= 1)))
               Rows Removed by Index Recheck: 19262
               Heap Blocks: exact=18283
               Buffers: shared hit=622 read=17847 written=40
               ->  BitmapOr  (cost=12870.06..12870.06 rows=4807 width=0) (actual time=28.867..28.867 rows=0 loops=1)
                     Buffers: shared hit=16 read=170
                     ->  BitmapAnd  (cost=2287.66..2287.66 rows=785 width=0) (actual time=8.527..8.527 rows=0 loops=1)
                           Buffers: shared hit=4 read=58
                           ->  Bitmap Index Scan on part_p_container_p_brand_p_partkey_idx  (cost=0.00..288.87 rows=7915 width=0) (actual time=3.615..3.615 rows=7987 loops=1)
                                 Index Cond: ((p_container = ANY ('{"SM CASE","SM BOX","SM PACK","SM PKG"}'::bpchar[])) AND (p_brand = 'Brand#53'::bpchar))
                                 Buffers: shared hit=4 read=56
                           ->  Bitmap Index Scan on part_p_size_brin_idx  (cost=0.00..1996.13 rows=198413 width=0) (actual time=4.203..4.203 rows=405760 loops=1)
                                 Index Cond: ((p_size <= 5) AND (p_size >= 1))
                                 Buffers: shared read=2
                     ->  BitmapAnd  (cost=4300.07..4300.07 rows=1595 width=0) (actual time=8.535..8.535 rows=0 loops=1)
                           Buffers: shared hit=6 read=56
                           ->  Bitmap Index Scan on part_p_container_p_brand_p_partkey_idx  (cost=0.00..289.55 rows=7986 width=0) (actual time=3.602..3.602 rows=8172 loops=1)
                                 Index Cond: ((p_container = ANY ('{"MED BAG","MED BOX","MED PKG","MED PACK"}'::bpchar[])) AND (p_brand = 'Brand#41'::bpchar))
                                 Buffers: shared hit=4 read=56
                           ->  Bitmap Index Scan on part_p_size_brin_idx  (cost=0.00..4007.87 rows=399587 width=0) (actual time=4.171..4.171 rows=405760 loops=1)
                                 Index Cond: ((p_size <= 10) AND (p_size >= 1))
                                 Buffers: shared hit=2
                     ->  BitmapAnd  (cost=6281.83..6281.83 rows=2426 width=0) (actual time=8.209..8.209 rows=0 loops=1)
                           Buffers: shared hit=6 read=56
                           ->  Bitmap Index Scan on part_p_container_p_brand_p_partkey_idx  (cost=0.00..290.91 rows=8120 width=0) (actual time=3.386..3.386 rows=7945 loops=1)
                                 Index Cond: ((p_container = ANY ('{"LG CASE","LG BOX","LG PACK","LG PKG"}'::bpchar[])) AND (p_brand = 'Brand#52'::bpchar))
                                 Buffers: shared hit=4 read=56
                           ->  Bitmap Index Scan on part_p_size_brin_idx  (cost=0.00..5988.27 rows=597627 width=0) (actual time=4.169..4.169 rows=405760 loops=1)
                                 Index Cond: ((p_size <= 15) AND (p_size >= 1))
                                 Buffers: shared hit=2
         ->  Index Scan using lineitem_l_partkey_l_quantity_idx on lineitem  (cost=0.56..126.73 rows=1 width=16) (actual time=0.277..0.310 rows=0 loops=4842)
               Index Cond: (l_partkey = part.p_partkey)
               Filter: ((l_shipmode = ANY ('{AIR,"AIR REG"}'::bpchar[])) AND (l_shipinstruct = 'DELIVER IN PERSON'::bpchar) AND (((l_quantity >= 1::double precision) AND (l_quantity <= 11::double precision)) OR ((l_quantity >= 16::double precision) AND (l_quantity <= 26::double precision)) OR ((l_quantity >= 26::double precision) AND (l_quantity <= 36::double precision))) AND (((part.p_brand = 'Brand#53'::bpchar) AND (part.p_container = ANY ('{"SM CASE","SM BOX","SM PACK","SM PKG"}'::bpchar[])) AND (l_quantity >= 1::double precision) AND (l_quantity <= 11::double precision) AND (part.p_size <= 5)) OR ((part.p_brand = 'Brand#41'::bpchar) AND (part.p_container = ANY ('{"MED BAG","MED BOX","MED PKG","MED PACK"}'::bpchar[])) AND (l_quantity >= 16::double precision) AND (l_quantity <= 26::double precision) AND (part.p_size <= 10)) OR ((part.p_brand = 'Brand#52'::bpchar) AND (part.p_container = ANY ('{"LG CASE","LG BOX","LG PACK","LG PKG"}'::bpchar[])) AND (l_quantity >= 26::double precision) AND (l_quantity <= 36::double precision) AND (part.p_size <= 15))))
               Rows Removed by Filter: 30
               Buffers: shared hit=103576 read=63120 dirtied=861 written=180
 Planning time: 3.855 ms
 Execution time: 1794.489 ms
(42 rows)

COMMIT;
COMMIT
