BEGIN;
BEGIN
EXPLAIN (ANALYZE, BUFFERS)
select
	c_custkey,
	c_name,
	sum(l_extendedprice * (1 - l_discount)) as revenue,
	c_acctbal,
	n_name,
	c_address,
	c_phone,
	c_comment
from
	customer,
	orders,
	lineitem,
	nation
where
	c_custkey = o_custkey
	and l_orderkey = o_orderkey
	and o_orderdate >= date '1995-01-01'
	and o_orderdate < cast(date '1995-01-01' + interval '3 month' as date)
	and l_returnflag = 'R'
	and c_nationkey = n_nationkey
group by
	c_custkey,
	c_name,
	c_acctbal,
	c_phone,
	n_name,
	c_address,
	c_comment
order by
	revenue desc
LIMIT 20;
                                                                                               QUERY PLAN                                                                                                
---------------------------------------------------------------------------------------------------------------------------------------------------------------------------------------------------------
 Limit  (cost=2285262.92..2285262.97 rows=20 width=175) (actual time=30641.330..30641.337 rows=20 loops=1)
   Buffers: shared hit=921965 read=441223 dirtied=823 written=215
   ->  Sort  (cost=2285262.92..2286657.47 rows=557820 width=175) (actual time=30641.328..30641.330 rows=20 loops=1)
         Sort Key: (sum((lineitem.l_extendedprice * (1::double precision - lineitem.l_discount))))
         Sort Method: top-N heapsort  Memory: 30kB
         Buffers: shared hit=921965 read=441223 dirtied=823 written=215
         ->  HashAggregate  (cost=2264841.33..2270419.53 rows=557820 width=175) (actual time=30323.321..30512.372 rows=354869 loops=1)
               Group Key: customer.c_custkey, customer.c_name, customer.c_acctbal, customer.c_phone, nation.n_name, customer.c_address, customer.c_comment
               Buffers: shared hit=921962 read=441223 dirtied=823 written=215
               ->  Hash Join  (cost=345435.72..2250895.83 rows=557820 width=175) (actual time=7696.896..28710.781 rows=941654 loops=1)
                     Hash Cond: (customer.c_nationkey = nation.n_nationkey)
                     Buffers: shared hit=921962 read=441223 dirtied=823 written=215
                     ->  Hash Join  (cost=345434.16..2243224.24 rows=557820 width=153) (actual time=7696.864..28374.809 rows=941654 loops=1)
                           Hash Cond: (orders.o_custkey = customer.c_custkey)
                           Buffers: shared hit=921961 read=441223 dirtied=823 written=215
                           ->  Hash Join  (cost=276406.16..2165828.94 rows=557820 width=12) (actual time=6136.101..26223.718 rows=941654 loops=1)
                                 Hash Cond: (lineitem.l_orderkey = orders.o_orderkey)
                                 Buffers: shared hit=921959 read=405947 dirtied=823 written=162
                                 ->  Seq Scan on lineitem  (cost=0.00..1827911.44 rows=14915505 width=12) (actual time=0.012..16944.150 rows=14822937 loops=1)
                                       Filter: (l_returnflag = 'R'::bpchar)
                                       Rows Removed by Filter: 45222373
                                       Buffers: shared hit=752968 read=319886 dirtied=823 written=162
                                 ->  Hash  (cost=269344.85..269344.85 rows=564905 width=8) (actual time=6132.680..6132.680 rows=562049 loops=1)
                                       Buckets: 1048576  Batches: 1  Memory Usage: 30148kB
                                       Buffers: shared hit=168991 read=86061
                                       ->  Bitmap Heap Scan on orders  (cost=5830.27..269344.85 rows=564905 width=8) (actual time=27.659..5927.271 rows=562049 loops=1)
                                             Recheck Cond: ((o_orderdate >= '1995-01-01'::date) AND (o_orderdate < '1995-04-01'::date))
                                             Rows Removed by Index Recheck: 14452951
                                             Heap Blocks: lossy=255041
                                             Buffers: shared hit=168991 read=86061
                                             ->  Bitmap Index Scan on orders_o_orderdate_o_orderkey_brin_idx  (cost=0.00..5689.05 rows=564905 width=0) (actual time=27.483..27.483 rows=2551040 loops=1)
                                                   Index Cond: ((o_orderdate >= '1995-01-01'::date) AND (o_orderdate < '1995-04-01'::date))
                                                   Buffers: shared hit=2 read=9
                           ->  Hash  (cost=50278.00..50278.00 rows=1500000 width=145) (actual time=1554.641..1554.641 rows=1500000 loops=1)
                                 Buckets: 2097152  Batches: 1  Memory Usage: 281501kB
                                 Buffers: shared hit=2 read=35276 written=53
                                 ->  Seq Scan on customer  (cost=0.00..50278.00 rows=1500000 width=145) (actual time=0.005..772.933 rows=1500000 loops=1)
                                       Buffers: shared hit=2 read=35276 written=53
                     ->  Hash  (cost=1.25..1.25 rows=25 width=30) (actual time=0.020..0.020 rows=25 loops=1)
                           Buckets: 1024  Batches: 1  Memory Usage: 10kB
                           Buffers: shared hit=1
                           ->  Seq Scan on nation  (cost=0.00..1.25 rows=25 width=30) (actual time=0.005..0.008 rows=25 loops=1)
                                 Buffers: shared hit=1
 Planning time: 4.235 ms
 Execution time: 30652.033 ms
(45 rows)

COMMIT;
COMMIT
