BEGIN;
BEGIN
EXPLAIN (ANALYZE, BUFFERS)
select
	l_shipmode,
	sum(case
		when o_orderpriority = '1-URGENT'
			or o_orderpriority = '2-HIGH'
			then 1
		else 0
	end) as high_line_count,
	sum(case
		when o_orderpriority <> '1-URGENT'
			and o_orderpriority <> '2-HIGH'
			then 1
		else 0
	end) as low_line_count
from
	orders,
	lineitem
where
	o_orderkey = l_orderkey
	and l_shipmode in ('SHIP', 'FOB')
	and l_commitdate < l_receiptdate
	and l_shipdate < l_commitdate
	and l_receiptdate >= date '1993-01-01'
	and l_receiptdate < date '1993-01-01' + interval '1 year'
group by
	l_shipmode
order by
	l_shipmode;
                                                                                                                           QUERY PLAN                                                                                                                            
-----------------------------------------------------------------------------------------------------------------------------------------------------------------------------------------------------------------------------------------------------------------
 Sort  (cost=3056092.38..3056092.38 rows=1 width=27) (actual time=34984.957..34984.957 rows=2 loops=1)
   Sort Key: lineitem.l_shipmode
   Sort Method: quicksort  Memory: 25kB
   Buffers: shared hit=1016910 read=317591 dirtied=253
   ->  HashAggregate  (cost=3056092.36..3056092.37 rows=1 width=27) (actual time=34984.906..34984.906 rows=2 loops=1)
         Group Key: lineitem.l_shipmode
         Buffers: shared hit=1016905 read=317591 dirtied=253
         ->  Hash Join  (cost=597855.36..3050997.44 rows=291138 width=27) (actual time=9805.565..34643.359 rows=313205 loops=1)
               Hash Cond: (lineitem.l_orderkey = orders.o_orderkey)
               Buffers: shared hit=1016905 read=317591 dirtied=253
               ->  Seq Scan on lineitem  (cost=0.00..2444044.02 rows=291138 width=15) (actual time=0.165..24474.404 rows=313205 loops=1)
                     Filter: ((l_shipmode = ANY ('{SHIP,FOB}'::bpchar[])) AND (l_commitdate < l_receiptdate) AND (l_shipdate < l_commitdate) AND (l_receiptdate >= '1993-01-01'::date) AND (l_receiptdate < '1994-01-01 00:00:00'::timestamp without time zone))
                     Rows Removed by Filter: 59731789
                     Buffers: shared hit=760596 read=317590
               ->  Hash  (cost=408106.27..408106.27 rows=15179927 width=20) (actual time=9699.124..9699.124 rows=15015000 loops=1)
                     Buckets: 16777216  Batches: 1  Memory Usage: 893553kB
                     Buffers: shared hit=256306 read=1 dirtied=253
                     ->  Seq Scan on orders  (cost=0.00..408106.27 rows=15179927 width=20) (actual time=0.011..3982.706 rows=15015000 loops=1)
                           Buffers: shared hit=256306 read=1 dirtied=253
 Planning time: 3.862 ms
 Execution time: 34998.786 ms
(21 rows)

COMMIT;
COMMIT
