BEGIN;
BEGIN
EXPLAIN (ANALYZE, BUFFERS)
select
	s_name,
	count(*) as numwait
from
	supplier,
	lineitem l1,
	orders,
	nation
where
	s_suppkey = l1.l_suppkey
	and o_orderkey = l1.l_orderkey
	and o_orderstatus = 'F'
	and l1.l_receiptdate > l1.l_commitdate
	and exists (
		select
			*
		from
			lineitem l2
		where
			l2.l_orderkey = l1.l_orderkey
			and l2.l_suppkey <> l1.l_suppkey
	)
	and not exists (
		select
			*
		from
			lineitem l3
		where
			l3.l_orderkey = l1.l_orderkey
			and l3.l_suppkey <> l1.l_suppkey
			and l3.l_receiptdate > l3.l_commitdate
	)
	and s_nationkey = n_nationkey
	and n_name = 'KENYA'
group by
	s_name
order by
	numwait desc,
	s_name
LIMIT 100;
                                                                                                  QUERY PLAN                                                                                                  
--------------------------------------------------------------------------------------------------------------------------------------------------------------------------------------------------------------
 Limit  (cost=2853487.96..2853487.97 rows=1 width=26) (actual time=41190.360..41190.379 rows=100 loops=1)
   Buffers: shared hit=14095747 read=437795 written=2579
   ->  Sort  (cost=2853487.96..2853487.97 rows=1 width=26) (actual time=41190.358..41190.365 rows=100 loops=1)
         Sort Key: (count(*)), supplier.s_name
         Sort Method: top-N heapsort  Memory: 32kB
         Buffers: shared hit=14095747 read=437795 written=2579
         ->  HashAggregate  (cost=2853487.94..2853487.95 rows=1 width=26) (actual time=41188.053..41189.222 rows=4044 loops=1)
               Group Key: supplier.s_name
               Buffers: shared hit=14095739 read=437795 written=2579
               ->  Nested Loop Anti Join  (cost=2406.88..2853487.94 rows=1 width=26) (actual time=33.436..41130.777 rows=39729 loops=1)
                     Buffers: shared hit=14095739 read=437795 written=2579
                     ->  Nested Loop Semi Join  (cost=2406.31..2853486.16 rows=1 width=34) (actual time=32.958..38244.394 rows=715199 loops=1)
                           Join Filter: (orders.o_orderkey = l2.l_orderkey)
                           Buffers: shared hit=10506192 read=436280 written=2573
                           ->  Nested Loop  (cost=2405.75..2330914.16 rows=391104 width=38) (actual time=32.930..33345.497 rows=742139 loops=1)
                                 Buffers: shared hit=6896697 read=329515 written=1095
                                 ->  Hash Join  (cost=2405.31..1908192.93 rows=803000 width=34) (actual time=32.836..25564.043 rows=1536491 loops=1)
                                       Hash Cond: (l1.l_suppkey = supplier.s_suppkey)
                                       Buffers: shared hit=812857 read=258992
                                       ->  Seq Scan on lineitem l1  (cost=0.00..1822476.38 rows=20074997 width=8) (actual time=0.021..18586.903 rows=37966584 loops=1)
                                             Filter: (l_receiptdate > l_commitdate)
                                             Rows Removed by Filter: 22078719
                                             Buffers: shared hit=810673 read=258991
                                       ->  Hash  (cost=2355.31..2355.31 rows=4000 width=30) (actual time=32.783..32.783 rows=4044 loops=1)
                                             Buckets: 4096  Batches: 1  Memory Usage: 285kB
                                             Buffers: shared hit=2181 read=1
                                             ->  Nested Loop  (cost=43.00..2355.31 rows=4000 width=30) (actual time=0.298..31.627 rows=4044 loops=1)
                                                   Buffers: shared hit=2181 read=1
                                                   ->  Seq Scan on nation  (cost=0.00..1.31 rows=1 width=4) (actual time=0.006..0.010 rows=1 loops=1)
                                                         Filter: (n_name = 'KENYA'::bpchar)
                                                         Rows Removed by Filter: 24
                                                         Buffers: shared hit=1
                                                   ->  Bitmap Heap Scan on supplier  (cost=43.00..2314.00 rows=4000 width=34) (actual time=0.285..30.941 rows=4044 loops=1)
                                                         Recheck Cond: (s_nationkey = nation.n_nationkey)
                                                         Rows Removed by Index Recheck: 95956
                                                         Heap Blocks: lossy=2179
                                                         Buffers: shared hit=2180 read=1
                                                         ->  Bitmap Index Scan on supplier_s_nationkey_s_suppkey_brin_idx  (cost=0.00..42.00 rows=4000 width=0) (actual time=0.267..0.267 rows=23040 loops=1)
                                                               Index Cond: (s_nationkey = nation.n_nationkey)
                                                               Buffers: shared hit=1 read=1
                                 ->  Index Scan using pk_orders on orders  (cost=0.43..0.52 rows=1 width=4) (actual time=0.004..0.005 rows=0 loops=1536491)
                                       Index Cond: (o_orderkey = l1.l_orderkey)
                                       Filter: (o_orderstatus = 'F'::bpchar)
                                       Rows Removed by Filter: 1
                                       Buffers: shared hit=6083840 read=70523 written=1095
                           ->  Index Scan using pk_lineitem on lineitem l2  (cost=0.56..1.15 rows=15 width=8) (actual time=0.006..0.006 rows=1 loops=742139)
                                 Index Cond: (l_orderkey = l1.l_orderkey)
                                 Filter: (l_suppkey <> l1.l_suppkey)
                                 Rows Removed by Filter: 0
                                 Buffers: shared hit=3609495 read=106765 written=1478
                     ->  Index Scan using pk_lineitem on lineitem l3  (cost=0.56..1.15 rows=5 width=8) (actual time=0.004..0.004 rows=1 loops=715199)
                           Index Cond: (l_orderkey = l1.l_orderkey)
                           Filter: ((l_receiptdate > l_commitdate) AND (l_suppkey <> l1.l_suppkey))
                           Rows Removed by Filter: 1
                           Buffers: shared hit=3589547 read=1515 written=6
 Planning time: 9.159 ms
 Execution time: 41190.698 ms
(57 rows)

COMMIT;
COMMIT
