BEGIN;
BEGIN
EXPLAIN (ANALYZE, BUFFERS)
select
	c_custkey,
	c_name,
	sum(l_extendedprice * (1 - l_discount)) as revenue,
	c_acctbal,
	n_name,
	c_address,
	c_phone,
	c_comment
from
	customer,
	orders,
	lineitem,
	nation
where
	c_custkey = o_custkey
	and l_orderkey = o_orderkey
	and o_orderdate >= date '1994-11-01'
	and o_orderdate < cast(date '1994-11-01' + interval '3 month' as date)
	and l_returnflag = 'R'
	and c_nationkey = n_nationkey
group by
	c_custkey,
	c_name,
	c_acctbal,
	c_phone,
	n_name,
	c_address,
	c_comment
order by
	revenue desc
LIMIT 20;
                                                                                               QUERY PLAN                                                                                                
---------------------------------------------------------------------------------------------------------------------------------------------------------------------------------------------------------
 Limit  (cost=2293022.71..2293022.76 rows=20 width=175) (actual time=34702.167..34702.173 rows=20 loops=1)
   Buffers: shared hit=773214 read=593181 written=2340
   ->  Sort  (cost=2293022.71..2294462.78 rows=576028 width=175) (actual time=34702.164..34702.169 rows=20 loops=1)
         Sort Key: (sum((lineitem.l_extendedprice * (1::double precision - lineitem.l_discount))))
         Sort Method: top-N heapsort  Memory: 30kB
         Buffers: shared hit=773214 read=593181 written=2340
         ->  HashAggregate  (cost=2271934.53..2277694.81 rows=576028 width=175) (actual time=34321.916..34562.748 rows=382079 loops=1)
               Group Key: customer.c_custkey, customer.c_name, customer.c_acctbal, customer.c_phone, nation.n_name, customer.c_address, customer.c_comment
               Buffers: shared hit=773211 read=593181 written=2340
               ->  Hash Join  (cost=346627.17..2257533.83 rows=576028 width=175) (actual time=9647.753..32284.398 rows=1149121 loops=1)
                     Hash Cond: (customer.c_nationkey = nation.n_nationkey)
                     Buffers: shared hit=773211 read=593181 written=2340
                     ->  Hash Join  (cost=346625.61..2249611.88 rows=576028 width=153) (actual time=9647.720..31868.933 rows=1149121 loops=1)
                           Hash Cond: (orders.o_custkey = customer.c_custkey)
                           Buffers: shared hit=773210 read=593181 written=2340
                           ->  Hash Join  (cost=277597.61..2171943.46 rows=576028 width=12) (actual time=8072.004..29464.330 rows=1149121 loops=1)
                                 Hash Cond: (lineitem.l_orderkey = orders.o_orderkey)
                                 Buffers: shared hit=755866 read=575247 written=1322
                                 ->  Seq Scan on lineitem  (cost=0.00..1832511.66 rows=14953043 width=12) (actual time=0.014..17912.307 rows=14807964 loops=1)
                                       Filter: (l_returnflag = 'R'::bpchar)
                                       Rows Removed by Filter: 45175958
                                       Buffers: shared hit=578892 read=496662
                                 ->  Hash  (cost=270309.66..270309.66 rows=583036 width=8) (actual time=8067.381..8067.381 rows=575090 loops=1)
                                       Buckets: 1048576  Batches: 1  Memory Usage: 30657kB
                                       Buffers: shared hit=176974 read=78585 written=1322
                                       ->  Bitmap Heap Scan on orders  (cost=6016.12..270309.66 rows=583036 width=8) (actual time=27.749..7840.800 rows=575090 loops=1)
                                             Recheck Cond: ((o_orderdate >= '1994-11-01'::date) AND (o_orderdate < '1995-02-01'::date))
                                             Rows Removed by Index Recheck: 14424910
                                             Heap Blocks: lossy=255548
                                             Buffers: shared hit=176974 read=78585 written=1322
                                             ->  Bitmap Index Scan on orders_o_orderdate_o_orderkey_brin_idx  (cost=0.00..5870.36 rows=583036 width=0) (actual time=27.545..27.545 rows=2558720 loops=1)
                                                   Index Cond: ((o_orderdate >= '1994-11-01'::date) AND (o_orderdate < '1995-02-01'::date))
                                                   Buffers: shared hit=3 read=8 written=2
                           ->  Hash  (cost=50278.00..50278.00 rows=1500000 width=145) (actual time=1569.505..1569.505 rows=1500000 loops=1)
                                 Buckets: 2097152  Batches: 1  Memory Usage: 281501kB
                                 Buffers: shared hit=17344 read=17934 written=1018
                                 ->  Seq Scan on customer  (cost=0.00..50278.00 rows=1500000 width=145) (actual time=0.008..762.491 rows=1500000 loops=1)
                                       Buffers: shared hit=17344 read=17934 written=1018
                     ->  Hash  (cost=1.25..1.25 rows=25 width=30) (actual time=0.020..0.020 rows=25 loops=1)
                           Buckets: 1024  Batches: 1  Memory Usage: 10kB
                           Buffers: shared hit=1
                           ->  Seq Scan on nation  (cost=0.00..1.25 rows=25 width=30) (actual time=0.004..0.009 rows=25 loops=1)
                                 Buffers: shared hit=1
 Planning time: 4.471 ms
 Execution time: 34714.584 ms
(45 rows)

COMMIT;
COMMIT
