BEGIN;
BEGIN
EXPLAIN (ANALYZE, BUFFERS)
select
	s_name,
	count(*) as numwait
from
	supplier,
	lineitem l1,
	orders,
	nation
where
	s_suppkey = l1.l_suppkey
	and o_orderkey = l1.l_orderkey
	and o_orderstatus = 'F'
	and l1.l_receiptdate > l1.l_commitdate
	and exists (
		select
			*
		from
			lineitem l2
		where
			l2.l_orderkey = l1.l_orderkey
			and l2.l_suppkey <> l1.l_suppkey
	)
	and not exists (
		select
			*
		from
			lineitem l3
		where
			l3.l_orderkey = l1.l_orderkey
			and l3.l_suppkey <> l1.l_suppkey
			and l3.l_receiptdate > l3.l_commitdate
	)
	and s_nationkey = n_nationkey
	and n_name = 'BRAZIL'
group by
	s_name
order by
	numwait desc,
	s_name
LIMIT 100;
                                                                                                  QUERY PLAN                                                                                                  
--------------------------------------------------------------------------------------------------------------------------------------------------------------------------------------------------------------
 Limit  (cost=2844930.94..2844930.95 rows=1 width=26) (actual time=41489.517..41489.535 rows=100 loops=1)
   Buffers: shared hit=14058987 read=273478 dirtied=187 written=181
   ->  Sort  (cost=2844930.94..2844930.95 rows=1 width=26) (actual time=41489.515..41489.523 rows=100 loops=1)
         Sort Key: (count(*)), supplier.s_name
         Sort Method: top-N heapsort  Memory: 32kB
         Buffers: shared hit=14058987 read=273478 dirtied=187 written=181
         ->  HashAggregate  (cost=2844930.92..2844930.93 rows=1 width=26) (actual time=41487.288..41488.391 rows=3995 loops=1)
               Group Key: supplier.s_name
               Buffers: shared hit=14058979 read=273478 dirtied=187 written=181
               ->  Nested Loop Anti Join  (cost=2406.88..2844930.92 rows=1 width=26) (actual time=59.091..41430.294 rows=39548 loops=1)
                     Buffers: shared hit=14058979 read=273478 dirtied=187 written=181
                     ->  Nested Loop Semi Join  (cost=2406.31..2844929.13 rows=1 width=34) (actual time=55.443..38470.136 rows=704248 loops=1)
                           Join Filter: (orders.o_orderkey = l2.l_orderkey)
                           Buffers: shared hit=10523784 read=272597 dirtied=187 written=171
                           ->  Nested Loop  (cost=2405.75..2323947.56 rows=389937 width=38) (actual time=55.405..33740.093 rows=730938 loops=1)
                                 Buffers: shared hit=6910449 read=225842 dirtied=187 written=95
                                 ->  Hash Join  (cost=2405.31..1902507.61 rows=800604 width=34) (actual time=55.252..26054.013 rows=1514828 loops=1)
                                       Hash Cond: (l1.l_suppkey = supplier.s_suppkey)
                                       Buffers: shared hit=876220 read=192438 dirtied=187 written=93
                                       ->  Seq Scan on lineitem l1  (cost=0.00..1817039.60 rows=20015109 width=8) (actual time=0.008..19005.368 rows=37928797 loops=1)
                                             Filter: (l_receiptdate > l_commitdate)
                                             Rows Removed by Filter: 22056532
                                             Buffers: shared hit=875073 read=191400 dirtied=187 written=93
                                       ->  Hash  (cost=2355.31..2355.31 rows=4000 width=30) (actual time=55.216..55.216 rows=3995 loops=1)
                                             Buckets: 4096  Batches: 1  Memory Usage: 282kB
                                             Buffers: shared hit=1144 read=1038
                                             ->  Nested Loop  (cost=43.00..2355.31 rows=4000 width=30) (actual time=0.258..53.794 rows=3995 loops=1)
                                                   Buffers: shared hit=1144 read=1038
                                                   ->  Seq Scan on nation  (cost=0.00..1.31 rows=1 width=4) (actual time=0.003..0.008 rows=1 loops=1)
                                                         Filter: (n_name = 'BRAZIL'::bpchar)
                                                         Rows Removed by Filter: 24
                                                         Buffers: shared hit=1
                                                   ->  Bitmap Heap Scan on supplier  (cost=43.00..2314.00 rows=4000 width=34) (actual time=0.248..52.969 rows=3995 loops=1)
                                                         Recheck Cond: (s_nationkey = nation.n_nationkey)
                                                         Rows Removed by Index Recheck: 96005
                                                         Heap Blocks: lossy=2179
                                                         Buffers: shared hit=1143 read=1038
                                                         ->  Bitmap Index Scan on supplier_s_nationkey_s_suppkey_brin_idx  (cost=0.00..42.00 rows=4000 width=0) (actual time=0.234..0.234 rows=23040 loops=1)
                                                               Index Cond: (s_nationkey = nation.n_nationkey)
                                                               Buffers: shared hit=2
                                 ->  Index Scan using pk_orders on orders  (cost=0.43..0.52 rows=1 width=4) (actual time=0.004..0.005 rows=0 loops=1514828)
                                       Index Cond: (o_orderkey = l1.l_orderkey)
                                       Filter: (o_orderstatus = 'F'::bpchar)
                                       Rows Removed by Filter: 1
                                       Buffers: shared hit=6034229 read=33404 written=2
                           ->  Index Scan using pk_lineitem on lineitem l2  (cost=0.56..1.15 rows=15 width=8) (actual time=0.006..0.006 rows=1 loops=730938)
                                 Index Cond: (l_orderkey = l1.l_orderkey)
                                 Filter: (l_suppkey <> l1.l_suppkey)
                                 Rows Removed by Filter: 0
                                 Buffers: shared hit=3613335 read=46755 written=76
                     ->  Index Scan using pk_lineitem on lineitem l3  (cost=0.56..1.15 rows=5 width=8) (actual time=0.004..0.004 rows=1 loops=704248)
                           Index Cond: (l_orderkey = l1.l_orderkey)
                           Filter: ((l_receiptdate > l_commitdate) AND (l_suppkey <> l1.l_suppkey))
                           Rows Removed by Filter: 1
                           Buffers: shared hit=3535195 read=881 written=10
 Planning time: 8.363 ms
 Execution time: 41489.860 ms
(57 rows)

COMMIT;
COMMIT
