BEGIN;
BEGIN
EXPLAIN (ANALYZE, BUFFERS)
select
	s_name,
	count(*) as numwait
from
	supplier,
	lineitem l1,
	orders,
	nation
where
	s_suppkey = l1.l_suppkey
	and o_orderkey = l1.l_orderkey
	and o_orderstatus = 'F'
	and l1.l_receiptdate > l1.l_commitdate
	and exists (
		select
			*
		from
			lineitem l2
		where
			l2.l_orderkey = l1.l_orderkey
			and l2.l_suppkey <> l1.l_suppkey
	)
	and not exists (
		select
			*
		from
			lineitem l3
		where
			l3.l_orderkey = l1.l_orderkey
			and l3.l_suppkey <> l1.l_suppkey
			and l3.l_receiptdate > l3.l_commitdate
	)
	and s_nationkey = n_nationkey
	and n_name = 'PERU'
group by
	s_name
order by
	numwait desc,
	s_name
LIMIT 100;
                                                                                                  QUERY PLAN                                                                                                  
--------------------------------------------------------------------------------------------------------------------------------------------------------------------------------------------------------------
 Limit  (cost=2862041.70..2862041.70 rows=1 width=26) (actual time=41801.554..41801.572 rows=100 loops=1)
   Buffers: shared hit=13805077 read=545140 written=456
   ->  Sort  (cost=2862041.70..2862041.70 rows=1 width=26) (actual time=41801.553..41801.560 rows=100 loops=1)
         Sort Key: (count(*)), supplier.s_name
         Sort Method: top-N heapsort  Memory: 32kB
         Buffers: shared hit=13805077 read=545140 written=456
         ->  HashAggregate  (cost=2862041.68..2862041.69 rows=1 width=26) (actual time=41799.400..41800.453 rows=3991 loops=1)
               Group Key: supplier.s_name
               Buffers: shared hit=13805069 read=545140 written=456
               ->  Nested Loop Anti Join  (cost=2406.88..2862041.67 rows=1 width=26) (actual time=32.288..41742.972 rows=39317 loops=1)
                     Buffers: shared hit=13805069 read=545140 written=456
                     ->  Nested Loop Semi Join  (cost=2406.31..2862039.89 rows=1 width=34) (actual time=32.112..38864.140 rows=704993 loops=1)
                           Join Filter: (orders.o_orderkey = l2.l_orderkey)
                           Buffers: shared hit=10267059 read=543209 written=454
                           ->  Nested Loop  (cost=2405.75..2337878.15 rows=392270 width=38) (actual time=32.025..33885.520 rows=731679 loops=1)
                                 Buffers: shared hit=6722769 read=423671 written=281
                                 ->  Hash Join  (cost=2405.31..1913876.45 rows=805395 width=34) (actual time=31.965..26068.277 rows=1515790 loops=1)
                                       Hash Cond: (l1.l_suppkey = supplier.s_suppkey)
                                       Buffers: shared hit=691696 read=383343 written=23
                                       ->  Seq Scan on lineitem l1  (cost=0.00..1827911.44 rows=20134865 width=8) (actual time=0.015..18989.516 rows=37966100 loops=1)
                                             Filter: (l_receiptdate > l_commitdate)
                                             Rows Removed by Filter: 22079210
                                             Buffers: shared hit=689512 read=383342 written=23
                                       ->  Hash  (cost=2355.31..2355.31 rows=4000 width=30) (actual time=31.923..31.923 rows=3991 loops=1)
                                             Buckets: 4096  Batches: 1  Memory Usage: 282kB
                                             Buffers: shared hit=2181 read=1
                                             ->  Nested Loop  (cost=43.00..2355.31 rows=4000 width=30) (actual time=0.304..30.852 rows=3991 loops=1)
                                                   Buffers: shared hit=2181 read=1
                                                   ->  Seq Scan on nation  (cost=0.00..1.31 rows=1 width=4) (actual time=0.007..0.011 rows=1 loops=1)
                                                         Filter: (n_name = 'PERU'::bpchar)
                                                         Rows Removed by Filter: 24
                                                         Buffers: shared hit=1
                                                   ->  Bitmap Heap Scan on supplier  (cost=43.00..2314.00 rows=4000 width=34) (actual time=0.290..30.116 rows=3991 loops=1)
                                                         Recheck Cond: (s_nationkey = nation.n_nationkey)
                                                         Rows Removed by Index Recheck: 96009
                                                         Heap Blocks: lossy=2179
                                                         Buffers: shared hit=2180 read=1
                                                         ->  Bitmap Index Scan on supplier_s_nationkey_s_suppkey_brin_idx  (cost=0.00..42.00 rows=4000 width=0) (actual time=0.278..0.278 rows=23040 loops=1)
                                                               Index Cond: (s_nationkey = nation.n_nationkey)
                                                               Buffers: shared hit=1 read=1
                                 ->  Index Scan using pk_orders on orders  (cost=0.43..0.52 rows=1 width=4) (actual time=0.004..0.005 rows=0 loops=1515790)
                                       Index Cond: (o_orderkey = l1.l_orderkey)
                                       Filter: (o_orderstatus = 'F'::bpchar)
                                       Rows Removed by Filter: 1
                                       Buffers: shared hit=6031073 read=40328 written=258
                           ->  Index Scan using pk_lineitem on lineitem l2  (cost=0.56..1.15 rows=15 width=8) (actual time=0.006..0.006 rows=1 loops=731679)
                                 Index Cond: (l_orderkey = l1.l_orderkey)
                                 Filter: (l_suppkey <> l1.l_suppkey)
                                 Rows Removed by Filter: 0
                                 Buffers: shared hit=3544290 read=119538 written=173
                     ->  Index Scan using pk_lineitem on lineitem l3  (cost=0.56..1.15 rows=5 width=8) (actual time=0.004..0.004 rows=1 loops=704993)
                           Index Cond: (l_orderkey = l1.l_orderkey)
                           Filter: ((l_receiptdate > l_commitdate) AND (l_suppkey <> l1.l_suppkey))
                           Rows Removed by Filter: 1
                           Buffers: shared hit=3538010 read=1931 written=2
 Planning time: 9.309 ms
 Execution time: 41801.872 ms
(57 rows)

COMMIT;
COMMIT
