BEGIN;
BEGIN
EXPLAIN (ANALYZE, BUFFERS)
select
	c_custkey,
	c_name,
	sum(l_extendedprice * (1 - l_discount)) as revenue,
	c_acctbal,
	n_name,
	c_address,
	c_phone,
	c_comment
from
	customer,
	orders,
	lineitem,
	nation
where
	c_custkey = o_custkey
	and l_orderkey = o_orderkey
	and o_orderdate >= date '1994-09-01'
	and o_orderdate < cast(date '1994-09-01' + interval '3 month' as date)
	and l_returnflag = 'R'
	and c_nationkey = n_nationkey
group by
	c_custkey,
	c_name,
	c_acctbal,
	c_phone,
	n_name,
	c_address,
	c_comment
order by
	revenue desc
LIMIT 20;
                                                                                               QUERY PLAN                                                                                                
---------------------------------------------------------------------------------------------------------------------------------------------------------------------------------------------------------
 Limit  (cost=2274047.48..2274047.53 rows=20 width=175) (actual time=34410.073..34410.079 rows=20 loops=1)
   Buffers: shared hit=1190404 read=164884 dirtied=252 written=2379
   ->  Sort  (cost=2274047.48..2275469.24 rows=568703 width=175) (actual time=34410.071..34410.075 rows=20 loops=1)
         Sort Key: (sum((lineitem.l_extendedprice * (1::double precision - lineitem.l_discount))))
         Sort Method: top-N heapsort  Memory: 30kB
         Buffers: shared hit=1190404 read=164884 dirtied=252 written=2379
         ->  HashAggregate  (cost=2253227.47..2258914.50 rows=568703 width=175) (actual time=34075.576..34272.994 rows=378505 loops=1)
               Group Key: customer.c_custkey, customer.c_name, customer.c_acctbal, customer.c_phone, nation.n_name, customer.c_address, customer.c_comment
               Buffers: shared hit=1190401 read=164884 dirtied=252 written=2379
               ->  Hash Join  (cost=344332.58..2239009.89 rows=568703 width=175) (actual time=11831.874..32212.620 rows=1135709 loops=1)
                     Hash Cond: (customer.c_nationkey = nation.n_nationkey)
                     Buffers: shared hit=1190401 read=164884 dirtied=252 written=2379
                     ->  Hash Join  (cost=344331.01..2231188.66 rows=568703 width=153) (actual time=11831.843..31825.600 rows=1135709 loops=1)
                           Hash Cond: (orders.o_custkey = customer.c_custkey)
                           Buffers: shared hit=1190400 read=164884 dirtied=252 written=2379
                           ->  Hash Join  (cost=275303.01..2153630.12 rows=568703 width=12) (actual time=10475.685..29642.867 rows=1135709 loops=1)
                                 Hash Cond: (lineitem.l_orderkey = orders.o_orderkey)
                                 Buffers: shared hit=1155159 read=164847 dirtied=252 written=2379
                                 ->  Seq Scan on lineitem  (cost=0.00..1817039.60 rows=14826793 width=12) (actual time=0.011..16079.244 rows=14808323 loops=1)
                                       Filter: (l_returnflag = 'R'::bpchar)
                                       Rows Removed by Filter: 45177006
                                       Buffers: shared hit=1024481 read=41992 written=4
                                 ->  Hash  (cost=268104.00..268104.00 rows=575921 width=8) (actual time=10471.172..10471.172 rows=567783 loops=1)
                                       Buckets: 1048576  Batches: 1  Memory Usage: 30372kB
                                       Buffers: shared hit=130678 read=122855 dirtied=252 written=2375
                                       ->  Bitmap Heap Scan on orders  (cost=5943.19..268104.00 rows=575921 width=8) (actual time=27.540..10227.690 rows=567783 loops=1)
                                             Recheck Cond: ((o_orderdate >= '1994-09-01'::date) AND (o_orderdate < '1994-12-01'::date))
                                             Rows Removed by Index Recheck: 14432217
                                             Heap Blocks: lossy=253522
                                             Buffers: shared hit=130678 read=122855 dirtied=252 written=2375
                                             ->  Bitmap Index Scan on orders_o_orderdate_o_orderkey_brin_idx  (cost=0.00..5799.21 rows=575921 width=0) (actual time=27.348..27.348 rows=2535680 loops=1)
                                                   Index Cond: ((o_orderdate >= '1994-09-01'::date) AND (o_orderdate < '1994-12-01'::date))
                                                   Buffers: shared hit=2 read=9
                           ->  Hash  (cost=50278.00..50278.00 rows=1500000 width=145) (actual time=1347.287..1347.287 rows=1500000 loops=1)
                                 Buckets: 2097152  Batches: 1  Memory Usage: 281501kB
                                 Buffers: shared hit=35241 read=37
                                 ->  Seq Scan on customer  (cost=0.00..50278.00 rows=1500000 width=145) (actual time=0.007..519.443 rows=1500000 loops=1)
                                       Buffers: shared hit=35241 read=37
                     ->  Hash  (cost=1.25..1.25 rows=25 width=30) (actual time=0.019..0.019 rows=25 loops=1)
                           Buckets: 1024  Batches: 1  Memory Usage: 10kB
                           Buffers: shared hit=1
                           ->  Seq Scan on nation  (cost=0.00..1.25 rows=25 width=30) (actual time=0.004..0.008 rows=25 loops=1)
                                 Buffers: shared hit=1
 Planning time: 3.357 ms
 Execution time: 34423.298 ms
(45 rows)

COMMIT;
COMMIT
