BEGIN;
BEGIN
EXPLAIN (ANALYZE, BUFFERS)
select
	c_custkey,
	c_name,
	sum(l_extendedprice * (1 - l_discount)) as revenue,
	c_acctbal,
	n_name,
	c_address,
	c_phone,
	c_comment
from
	customer,
	orders,
	lineitem,
	nation
where
	c_custkey = o_custkey
	and l_orderkey = o_orderkey
	and o_orderdate >= date '1993-10-01'
	and o_orderdate < cast(date '1993-10-01' + interval '3 month' as date)
	and l_returnflag = 'R'
	and c_nationkey = n_nationkey
group by
	c_custkey,
	c_name,
	c_acctbal,
	c_phone,
	n_name,
	c_address,
	c_comment
order by
	revenue desc
LIMIT 20;
                                                                                               QUERY PLAN                                                                                                
---------------------------------------------------------------------------------------------------------------------------------------------------------------------------------------------------------
 Limit  (cost=2294601.36..2294601.41 rows=20 width=175) (actual time=36546.601..36546.609 rows=20 loops=1)
   Buffers: shared hit=695815 read=671323 written=6
   ->  Sort  (cost=2294601.36..2296049.61 rows=579300 width=175) (actual time=36546.598..36546.604 rows=20 loops=1)
         Sort Key: (sum((lineitem.l_extendedprice * (1::double precision - lineitem.l_discount))))
         Sort Method: top-N heapsort  Memory: 30kB
         Buffers: shared hit=695815 read=671323 written=6
         ->  HashAggregate  (cost=2273393.40..2279186.40 rows=579300 width=175) (actual time=36198.196..36408.692 rows=381471 loops=1)
               Group Key: customer.c_custkey, customer.c_name, customer.c_acctbal, customer.c_phone, nation.n_name, customer.c_address, customer.c_comment
               Buffers: shared hit=695812 read=671323 written=6
               ->  Hash Join  (cost=347017.06..2258910.90 rows=579300 width=175) (actual time=11282.195..34190.394 rows=1148508 loops=1)
                     Hash Cond: (customer.c_nationkey = nation.n_nationkey)
                     Buffers: shared hit=695812 read=671323 written=6
                     ->  Hash Join  (cost=347015.49..2250943.96 rows=579300 width=153) (actual time=11282.163..33758.437 rows=1148508 loops=1)
                           Hash Cond: (orders.o_custkey = customer.c_custkey)
                           Buffers: shared hit=695811 read=671323 written=6
                           ->  Hash Join  (cost=277987.49..2173226.46 rows=579300 width=12) (actual time=9606.265..31316.150 rows=1148508 loops=1)
                                 Hash Cond: (lineitem.l_orderkey = orders.o_orderkey)
                                 Buffers: shared hit=695809 read=636047 written=1
                                 ->  Seq Scan on lineitem  (cost=0.00..1833346.51 rows=14959855 width=12) (actual time=0.030..18265.865 rows=14822772 loops=1)
                                       Filter: (l_returnflag = 'R'::bpchar)
                                       Rows Removed by Filter: 45221404
                                       Buffers: shared hit=552333 read=523711 written=1
                                 ->  Hash  (cost=270654.22..270654.22 rows=586662 width=8) (actual time=9601.195..9601.195 rows=573887 loops=1)
                                       Buckets: 1048576  Batches: 1  Memory Usage: 30610kB
                                       Buffers: shared hit=143476 read=112336
                                       ->  Bitmap Heap Scan on orders  (cost=6053.29..270654.22 rows=586662 width=8) (actual time=27.697..9334.047 rows=573887 loops=1)
                                             Recheck Cond: ((o_orderdate >= '1993-10-01'::date) AND (o_orderdate < '1994-01-01'::date))
                                             Rows Removed by Index Recheck: 14441113
                                             Heap Blocks: lossy=255801
                                             Buffers: shared hit=143476 read=112336
                                             ->  Bitmap Index Scan on orders_o_orderdate_o_orderkey_brin_idx  (cost=0.00..5906.62 rows=586662 width=0) (actual time=27.539..27.539 rows=2558720 loops=1)
                                                   Index Cond: ((o_orderdate >= '1993-10-01'::date) AND (o_orderdate < '1994-01-01'::date))
                                                   Buffers: shared hit=3 read=8
                           ->  Hash  (cost=50278.00..50278.00 rows=1500000 width=145) (actual time=1666.906..1666.906 rows=1500000 loops=1)
                                 Buckets: 2097152  Batches: 1  Memory Usage: 281501kB
                                 Buffers: shared hit=2 read=35276 written=5
                                 ->  Seq Scan on customer  (cost=0.00..50278.00 rows=1500000 width=145) (actual time=0.007..812.697 rows=1500000 loops=1)
                                       Buffers: shared hit=2 read=35276 written=5
                     ->  Hash  (cost=1.25..1.25 rows=25 width=30) (actual time=0.021..0.021 rows=25 loops=1)
                           Buckets: 1024  Batches: 1  Memory Usage: 10kB
                           Buffers: shared hit=1
                           ->  Seq Scan on nation  (cost=0.00..1.25 rows=25 width=30) (actual time=0.005..0.009 rows=25 loops=1)
                                 Buffers: shared hit=1
 Planning time: 10.787 ms
 Execution time: 36559.125 ms
(45 rows)

COMMIT;
COMMIT
