BEGIN;
BEGIN
EXPLAIN (ANALYZE, BUFFERS)
select
	l_shipmode,
	sum(case
		when o_orderpriority = '1-URGENT'
			or o_orderpriority = '2-HIGH'
			then 1
		else 0
	end) as high_line_count,
	sum(case
		when o_orderpriority <> '1-URGENT'
			and o_orderpriority <> '2-HIGH'
			then 1
		else 0
	end) as low_line_count
from
	orders,
	lineitem
where
	o_orderkey = l_orderkey
	and l_shipmode in ('FOB', 'SHIP')
	and l_commitdate < l_receiptdate
	and l_shipdate < l_commitdate
	and l_receiptdate >= date '1993-01-01'
	and l_receiptdate < date '1993-01-01' + interval '1 year'
group by
	l_shipmode
order by
	l_shipmode;
                                                                                                                           QUERY PLAN                                                                                                                            
-----------------------------------------------------------------------------------------------------------------------------------------------------------------------------------------------------------------------------------------------------------------
 Sort  (cost=3034973.21..3034973.21 rows=1 width=27) (actual time=35109.736..35109.736 rows=2 loops=1)
   Sort Key: lineitem.l_shipmode
   Sort Method: quicksort  Memory: 25kB
   Buffers: shared hit=598442 read=726837 dirtied=254 written=944
   ->  HashAggregate  (cost=3034973.19..3034973.20 rows=1 width=27) (actual time=35109.687..35109.688 rows=2 loops=1)
         Group Key: lineitem.l_shipmode
         Buffers: shared hit=598437 read=726837 dirtied=254 written=944
         ->  Hash Join  (cost=593719.70..3029913.46 rows=289127 width=27) (actual time=9891.003..34777.169 rows=313192 loops=1)
               Hash Cond: (lineitem.l_orderkey = orders.o_orderkey)
               Buffers: shared hit=598437 read=726837 dirtied=254 written=944
               ->  Seq Scan on lineitem  (cost=0.00..2427158.54 rows=289127 width=15) (actual time=0.080..24534.920 rows=313192 loops=1)
                     Filter: ((l_shipmode = ANY ('{FOB,SHIP}'::bpchar[])) AND (l_commitdate < l_receiptdate) AND (l_shipdate < l_commitdate) AND (l_receiptdate >= '1993-01-01'::date) AND (l_receiptdate < '1994-01-01 00:00:00'::timestamp without time zone))
                     Rows Removed by Filter: 59733029
                     Buffers: shared hit=421814 read=648923
               ->  Hash  (cost=405283.20..405283.20 rows=15074920 width=20) (actual time=9797.558..9797.558 rows=15015000 loops=1)
                     Buckets: 16777216  Batches: 1  Memory Usage: 893553kB
                     Buffers: shared hit=176620 read=77914 dirtied=254 written=944
                     ->  Seq Scan on orders  (cost=0.00..405283.20 rows=15074920 width=20) (actual time=0.017..4655.860 rows=15015000 loops=1)
                           Buffers: shared hit=176620 read=77914 dirtied=254 written=944
 Planning time: 2.276 ms
 Execution time: 35115.297 ms
(21 rows)

COMMIT;
COMMIT
