BEGIN;
BEGIN
EXPLAIN (ANALYZE, BUFFERS)
select
	s_name,
	count(*) as numwait
from
	supplier,
	lineitem l1,
	orders,
	nation
where
	s_suppkey = l1.l_suppkey
	and o_orderkey = l1.l_orderkey
	and o_orderstatus = 'F'
	and l1.l_receiptdate > l1.l_commitdate
	and exists (
		select
			*
		from
			lineitem l2
		where
			l2.l_orderkey = l1.l_orderkey
			and l2.l_suppkey <> l1.l_suppkey
	)
	and not exists (
		select
			*
		from
			lineitem l3
		where
			l3.l_orderkey = l1.l_orderkey
			and l3.l_suppkey <> l1.l_suppkey
			and l3.l_receiptdate > l3.l_commitdate
	)
	and s_nationkey = n_nationkey
	and n_name = 'FRANCE'
group by
	s_name
order by
	numwait desc,
	s_name
LIMIT 100;
                                                                                                  QUERY PLAN                                                                                                  
--------------------------------------------------------------------------------------------------------------------------------------------------------------------------------------------------------------
 Limit  (cost=2867724.78..2867724.79 rows=1 width=26) (actual time=44384.945..44384.960 rows=100 loops=1)
   Buffers: shared hit=13623647 read=640424 dirtied=564 written=1839
   ->  Sort  (cost=2867724.78..2867724.79 rows=1 width=26) (actual time=44384.945..44384.953 rows=100 loops=1)
         Sort Key: (count(*)), supplier.s_name
         Sort Method: top-N heapsort  Memory: 32kB
         Buffers: shared hit=13623647 read=640424 dirtied=564 written=1839
         ->  HashAggregate  (cost=2867724.76..2867724.77 rows=1 width=26) (actual time=44382.666..44383.827 rows=3960 loops=1)
               Group Key: supplier.s_name
               Buffers: shared hit=13623639 read=640424 dirtied=564 written=1839
               ->  Nested Loop Anti Join  (cost=2406.88..2867724.76 rows=1 width=26) (actual time=33.324..44322.622 rows=39337 loops=1)
                     Buffers: shared hit=13623639 read=640424 dirtied=564 written=1839
                     ->  Nested Loop Semi Join  (cost=2406.31..2867722.97 rows=1 width=34) (actual time=32.139..41274.162 rows=700691 loops=1)
                           Join Filter: (orders.o_orderkey = l2.l_orderkey)
                           Buffers: shared hit=10107441 read=638367 dirtied=561 written=1816
                           ->  Nested Loop  (cost=2405.75..2342504.31 rows=393045 width=38) (actual time=32.061..35738.988 rows=727220 loops=1)
                                 Buffers: shared hit=6567988 read=536188 dirtied=558 written=971
                                 ->  Hash Join  (cost=2405.31..1917651.80 rows=806985 width=34) (actual time=31.920..27601.838 rows=1504711 loops=1)
                                       Hash Cond: (l1.l_suppkey = supplier.s_suppkey)
                                       Buffers: shared hit=583976 read=493182 dirtied=558 written=592
                                       ->  Seq Scan on lineitem l1  (cost=0.00..1831521.76 rows=20174634 width=8) (actual time=0.013..20033.069 rows=37965325 loops=1)
                                             Filter: (l_receiptdate > l_commitdate)
                                             Rows Removed by Filter: 22078757
                                             Buffers: shared hit=581793 read=493180 dirtied=558 written=592
                                       ->  Hash  (cost=2355.31..2355.31 rows=4000 width=30) (actual time=31.866..31.866 rows=3961 loops=1)
                                             Buckets: 4096  Batches: 1  Memory Usage: 280kB
                                             Buffers: shared hit=2180 read=2
                                             ->  Nested Loop  (cost=43.00..2355.31 rows=4000 width=30) (actual time=0.348..30.797 rows=3961 loops=1)
                                                   Buffers: shared hit=2180 read=2
                                                   ->  Seq Scan on nation  (cost=0.00..1.31 rows=1 width=4) (actual time=0.005..0.010 rows=1 loops=1)
                                                         Filter: (n_name = 'FRANCE'::bpchar)
                                                         Rows Removed by Filter: 24
                                                         Buffers: shared hit=1
                                                   ->  Bitmap Heap Scan on supplier  (cost=43.00..2314.00 rows=4000 width=34) (actual time=0.336..30.122 rows=3961 loops=1)
                                                         Recheck Cond: (s_nationkey = nation.n_nationkey)
                                                         Rows Removed by Index Recheck: 96039
                                                         Heap Blocks: lossy=2179
                                                         Buffers: shared hit=2179 read=2
                                                         ->  Bitmap Index Scan on supplier_s_nationkey_s_suppkey_brin_idx  (cost=0.00..42.00 rows=4000 width=0) (actual time=0.295..0.295 rows=23040 loops=1)
                                                               Index Cond: (s_nationkey = nation.n_nationkey)
                                                               Buffers: shared read=2
                                 ->  Index Scan using pk_orders on orders  (cost=0.43..0.52 rows=1 width=4) (actual time=0.005..0.005 rows=0 loops=1504711)
                                       Index Cond: (o_orderkey = l1.l_orderkey)
                                       Filter: (o_orderstatus = 'F'::bpchar)
                                       Rows Removed by Filter: 1
                                       Buffers: shared hit=5984012 read=43006 written=379
                           ->  Index Scan using pk_lineitem on lineitem l2  (cost=0.56..1.15 rows=15 width=8) (actual time=0.007..0.007 rows=1 loops=727220)
                                 Index Cond: (l_orderkey = l1.l_orderkey)
                                 Filter: (l_suppkey <> l1.l_suppkey)
                                 Rows Removed by Filter: 0
                                 Buffers: shared hit=3539453 read=102179 dirtied=3 written=845
                     ->  Index Scan using pk_lineitem on lineitem l3  (cost=0.56..1.15 rows=5 width=8) (actual time=0.004..0.004 rows=1 loops=700691)
                           Index Cond: (l_orderkey = l1.l_orderkey)
                           Filter: ((l_receiptdate > l_commitdate) AND (l_suppkey <> l1.l_suppkey))
                           Rows Removed by Filter: 1
                           Buffers: shared hit=3516198 read=2057 dirtied=3 written=23
 Planning time: 8.975 ms
 Execution time: 44385.297 ms
(57 rows)

COMMIT;
COMMIT
