BEGIN;
BEGIN
EXPLAIN (ANALYZE, BUFFERS)
select
	c_custkey,
	c_name,
	sum(l_extendedprice * (1 - l_discount)) as revenue,
	c_acctbal,
	n_name,
	c_address,
	c_phone,
	c_comment
from
	customer,
	orders,
	lineitem,
	nation
where
	c_custkey = o_custkey
	and l_orderkey = o_orderkey
	and o_orderdate >= date '1993-12-01'
	and o_orderdate < cast(date '1993-12-01' + interval '3 month' as date)
	and l_returnflag = 'R'
	and c_nationkey = n_nationkey
group by
	c_custkey,
	c_name,
	c_acctbal,
	c_phone,
	n_name,
	c_address,
	c_comment
order by
	revenue desc
LIMIT 20;
                                                                                               QUERY PLAN                                                                                                
---------------------------------------------------------------------------------------------------------------------------------------------------------------------------------------------------------
 Limit  (cost=2301109.70..2301109.75 rows=20 width=175) (actual time=32488.977..32488.981 rows=20 loops=1)
   Buffers: shared hit=1237046 read=135377 written=69
   ->  Sort  (cost=2301109.70..2302521.75 rows=564823 width=175) (actual time=32488.973..32488.975 rows=20 loops=1)
         Sort Key: (sum((lineitem.l_extendedprice * (1::double precision - lineitem.l_discount))))
         Sort Method: top-N heapsort  Memory: 30kB
         Buffers: shared hit=1237046 read=135377 written=69
         ->  HashAggregate  (cost=2280431.73..2286079.96 rows=564823 width=175) (actual time=32121.595..32341.144 rows=375068 loops=1)
               Group Key: customer.c_custkey, customer.c_name, customer.c_acctbal, customer.c_phone, nation.n_name, customer.c_address, customer.c_comment
               Buffers: shared hit=1237043 read=135377 written=69
               ->  Hash Join  (cost=347475.26..2266311.15 rows=564823 width=175) (actual time=9074.867..30283.188 rows=1121544 loops=1)
                     Hash Cond: (customer.c_nationkey = nation.n_nationkey)
                     Buffers: shared hit=1237043 read=135377 written=69
                     ->  Hash Join  (cost=347473.70..2258543.28 rows=564823 width=153) (actual time=9074.835..29877.946 rows=1121544 loops=1)
                           Hash Cond: (orders.o_custkey = customer.c_custkey)
                           Buffers: shared hit=1237042 read=135377 written=69
                           ->  Hash Join  (cost=278445.70..2181042.93 rows=564823 width=12) (actual time=7735.770..27837.128 rows=1121544 loops=1)
                                 Hash Cond: (lineitem.l_orderkey = orders.o_orderkey)
                                 Buffers: shared hit=1201764 read=135377 written=69
                                 ->  Seq Scan on lineitem  (cost=0.00..1840626.77 rows=15019261 width=12) (actual time=0.045..17073.165 rows=14822462 loops=1)
                                       Filter: (l_returnflag = 'R'::bpchar)
                                       Rows Removed by Filter: 45222571
                                       Buffers: shared hit=960660 read=119657 written=3
                                 ->  Hash  (cost=271295.80..271295.80 rows=571992 width=8) (actual time=7732.376..7732.376 rows=561064 loops=1)
                                       Buckets: 1048576  Batches: 1  Memory Usage: 30109kB
                                       Buffers: shared hit=241104 read=15720 written=66
                                       ->  Bitmap Heap Scan on orders  (cost=5902.92..271295.80 rows=571992 width=8) (actual time=27.861..7510.770 rows=561064 loops=1)
                                             Recheck Cond: ((o_orderdate >= '1993-12-01'::date) AND (o_orderdate < '1994-03-01'::date))
                                             Rows Removed by Index Recheck: 14453936
                                             Heap Blocks: lossy=256813
                                             Buffers: shared hit=241104 read=15720 written=66
                                             ->  Bitmap Index Scan on orders_o_orderdate_o_orderkey_brin_idx  (cost=0.00..5759.92 rows=571992 width=0) (actual time=27.691..27.691 rows=2568960 loops=1)
                                                   Index Cond: ((o_orderdate >= '1993-12-01'::date) AND (o_orderdate < '1994-03-01'::date))
                                                   Buffers: shared hit=3 read=8
                           ->  Hash  (cost=50278.00..50278.00 rows=1500000 width=145) (actual time=1325.343..1325.343 rows=1500000 loops=1)
                                 Buckets: 2097152  Batches: 1  Memory Usage: 281501kB
                                 Buffers: shared hit=35278
                                 ->  Seq Scan on customer  (cost=0.00..50278.00 rows=1500000 width=145) (actual time=0.012..530.073 rows=1500000 loops=1)
                                       Buffers: shared hit=35278
                     ->  Hash  (cost=1.25..1.25 rows=25 width=30) (actual time=0.020..0.020 rows=25 loops=1)
                           Buckets: 1024  Batches: 1  Memory Usage: 10kB
                           Buffers: shared hit=1
                           ->  Seq Scan on nation  (cost=0.00..1.25 rows=25 width=30) (actual time=0.005..0.009 rows=25 loops=1)
                                 Buffers: shared hit=1
 Planning time: 3.968 ms
 Execution time: 32508.067 ms
(45 rows)

COMMIT;
COMMIT
