BEGIN;
BEGIN
EXPLAIN (ANALYZE, BUFFERS)
select
	c_custkey,
	c_name,
	sum(l_extendedprice * (1 - l_discount)) as revenue,
	c_acctbal,
	n_name,
	c_address,
	c_phone,
	c_comment
from
	customer,
	orders,
	lineitem,
	nation
where
	c_custkey = o_custkey
	and l_orderkey = o_orderkey
	and o_orderdate >= date '1994-03-01'
	and o_orderdate < cast(date '1994-03-01' + interval '3 month' as date)
	and l_returnflag = 'R'
	and c_nationkey = n_nationkey
group by
	c_custkey,
	c_name,
	c_acctbal,
	c_phone,
	n_name,
	c_address,
	c_comment
order by
	revenue desc
LIMIT 20;
                                                                                               QUERY PLAN                                                                                                
---------------------------------------------------------------------------------------------------------------------------------------------------------------------------------------------------------
 Limit  (cost=2302324.84..2302324.89 rows=20 width=175) (actual time=32450.195..32450.200 rows=20 loops=1)
   Buffers: shared hit=1311778 read=60645 written=1
   ->  Sort  (cost=2302324.84..2303758.81 rows=573591 width=175) (actual time=32450.192..32450.194 rows=20 loops=1)
         Sort Key: (sum((lineitem.l_extendedprice * (1::double precision - lineitem.l_discount))))
         Sort Method: top-N heapsort  Memory: 30kB
         Buffers: shared hit=1311778 read=60645 written=1
         ->  HashAggregate  (cost=2281325.87..2287061.78 rows=573591 width=175) (actual time=32042.984..32311.602 rows=381387 loops=1)
               Group Key: customer.c_custkey, customer.c_name, customer.c_acctbal, customer.c_phone, nation.n_name, customer.c_address, customer.c_comment
               Buffers: shared hit=1311775 read=60645 written=1
               ->  Hash Join  (cost=347810.44..2266986.10 rows=573591 width=175) (actual time=6407.981..30027.903 rows=1148808 loops=1)
                     Hash Cond: (customer.c_nationkey = nation.n_nationkey)
                     Buffers: shared hit=1311775 read=60645 written=1
                     ->  Hash Join  (cost=347808.88..2259097.66 rows=573591 width=153) (actual time=6407.949..29624.756 rows=1148808 loops=1)
                           Hash Cond: (orders.o_custkey = customer.c_custkey)
                           Buffers: shared hit=1311774 read=60645 written=1
                           ->  Hash Join  (cost=278780.88..2181465.80 rows=573591 width=12) (actual time=4987.476..27372.840 rows=1148808 loops=1)
                                 Hash Cond: (lineitem.l_orderkey = orders.o_orderkey)
                                 Buffers: shared hit=1276496 read=60645 written=1
                                 ->  Seq Scan on lineitem  (cost=0.00..1840626.77 rows=15019261 width=12) (actual time=0.015..19038.434 rows=14822462 loops=1)
                                       Filter: (l_returnflag = 'R'::bpchar)
                                       Rows Removed by Filter: 45222571
                                       Buffers: shared hit=1019853 read=60464
                                 ->  Hash  (cost=271519.99..271519.99 rows=580871 width=8) (actual time=4982.831..4982.831 rows=573702 loops=1)
                                       Buckets: 1048576  Batches: 1  Memory Usage: 30603kB
                                       Buffers: shared hit=256643 read=181 written=1
                                       ->  Bitmap Heap Scan on orders  (cost=5993.93..271519.99 rows=580871 width=8) (actual time=27.893..4791.000 rows=573702 loops=1)
                                             Recheck Cond: ((o_orderdate >= '1994-03-01'::date) AND (o_orderdate < '1994-06-01'::date))
                                             Rows Removed by Index Recheck: 14441298
                                             Heap Blocks: lossy=256813
                                             Buffers: shared hit=256643 read=181 written=1
                                             ->  Bitmap Index Scan on orders_o_orderdate_o_orderkey_brin_idx  (cost=0.00..5848.71 rows=580871 width=0) (actual time=27.720..27.720 rows=2568960 loops=1)
                                                   Index Cond: ((o_orderdate >= '1994-03-01'::date) AND (o_orderdate < '1994-06-01'::date))
                                                   Buffers: shared hit=11
                           ->  Hash  (cost=50278.00..50278.00 rows=1500000 width=145) (actual time=1411.491..1411.491 rows=1500000 loops=1)
                                 Buckets: 2097152  Batches: 1  Memory Usage: 281501kB
                                 Buffers: shared hit=35278
                                 ->  Seq Scan on customer  (cost=0.00..50278.00 rows=1500000 width=145) (actual time=0.012..560.148 rows=1500000 loops=1)
                                       Buffers: shared hit=35278
                     ->  Hash  (cost=1.25..1.25 rows=25 width=30) (actual time=0.020..0.020 rows=25 loops=1)
                           Buckets: 1024  Batches: 1  Memory Usage: 10kB
                           Buffers: shared hit=1
                           ->  Seq Scan on nation  (cost=0.00..1.25 rows=25 width=30) (actual time=0.005..0.009 rows=25 loops=1)
                                 Buffers: shared hit=1
 Planning time: 3.862 ms
 Execution time: 32468.960 ms
(45 rows)

COMMIT;
COMMIT
