Q21,710204.0,->  Nested Loop Semi Join  (cost=2406.31..2887754.63 rows=1 width=34) (actual time=32.574..45339.506 rows=710204 loops=1)
Q18,401346.5,->  GroupAggregate  (cost=10314489.32..11153303.54 rows=30502335 width=39) (actual time=66900.715..66900.960 rows=76 loops=1)
Q3,318462.9,->  Sort  (cost=2556300.10..2564261.68 rows=3184629 width=20) (actual time=44420.446..44420.448 rows=10 loops=1)
Q18,100361.2,->  Hash Join  (cost=2209785.58..2832146.94 rows=7627454 width=39) (actual time=42061.937..48408.907 rows=76 loops=1)
Q18,100361.2,->  Hash Join  (cost=2140757.58..2648707.13 rows=7627454 width=20) (actual time=40932.809..47279.555 rows=76 loops=1)
Q18,100361.2,->  Hash  (cost=2832146.94..2832146.94 rows=7627454 width=39) (actual time=48409.143..48409.143 rows=76 loops=1)
Q18,57335.2,->  Sort  (cost=10314489.32..10390745.16 rows=30502335 width=39) (actual time=66900.700..66900.732 rows=532 loops=1)
Q18,57335.2,->  Hash Join  (cost=2927490.12..5688630.56 rows=30502335 width=39) (actual time=48445.378..66899.718 rows=532 loops=1)
Q18,53449.4,->  Hash  (cost=2089980.61..2089980.61 rows=4062158 width=4) (actual time=40838.155..40838.155 rows=76 loops=1)
Q18,53449.4,->  HashAggregate  (cost=1998582.05..2049359.03 rows=4062158 width=8) (actual time=36567.639..40837.780 rows=76 loops=1)
Q21,39458.0,->  Nested Loop Anti Join  (cost=2406.88..2887756.41 rows=1 width=26) (actual time=33.127..48308.073 rows=39458 loops=1)
Q10,28679.5,->  Sort  (cost=2302324.84..2303758.81 rows=573591 width=175) (actual time=32450.192..32450.194 rows=20 loops=1)
Q9,24878.4,->  Sort  (cost=1169613.45..1169613.78 rows=131 width=46) (actual time=163556.359..164214.763 rows=3259078 loops=1)
Q9,24878.4,->  Nested Loop  (cost=66874.64..1169604.83 rows=131 width=24) (actual time=1213.497..153271.439 rows=3259078 loops=1)
Q9,24878.4,->  Nested Loop  (cost=66874.21..1169541.34 rows=131 width=24) (actual time=1213.471..99734.709 rows=3259078 loops=1)
Q9,24878.4,->  Nested Loop  (cost=66873.92..1169499.07 rows=131 width=28) (actual time=1213.460..87294.729 rows=3259078 loops=1)
Q9,24878.4,->  Hash Join  (cost=66876.21..1169608.84 rows=131 width=46) (actual time=1213.548..157160.337 rows=3259078 loops=1)
Q2,4681.0,->  Merge Join  (cost=465687.75..891901.62 rows=1 width=190) (actual time=7968.561..9973.884 rows=4681 loops=1)
Q21,4021.0,->  HashAggregate  (cost=2887756.42..2887756.43 rows=1 width=26) (actual time=48368.537..48369.760 rows=4021 loops=1)
Q15,3756.0,->  Subquery Scan on revenue8  (cost=1352177.89..1352262.40 rows=3756 width=12) (actual time=63283.163..63296.534 rows=1 loops=1)
Q15,3756.0,->  Sort  (cost=1352485.41..1352494.80 rows=3756 width=12) (actual time=63296.554..63296.554 rows=1 loops=1)
Q15,3756.0,Merge Join  (cost=2687761.44..2692858.98 rows=3756 width=79) (actual time=63296.968..63296.969 rows=1 loops=1)
Q15,3756.0,->  HashAggregate  (cost=1352177.89..1352224.84 rows=3756 width=12) (actual time=63283.162..63296.531 rows=1 loops=1)
Q7,763.7,Sort  (cost=2147773.09..2147780.73 rows=3055 width=64) (actual time=27067.080..27067.080 rows=4 loops=1)
Q7,763.7,->  HashAggregate  (cost=2147550.43..2147596.25 rows=3055 width=64) (actual time=27067.010..27067.018 rows=4 loops=1)
Q8,365.0,Sort  (cost=1719655.19..1719657.02 rows=730 width=38) (actual time=12538.792..12538.793 rows=2 loops=1)
Q8,365.0,->  HashAggregate  (cost=1719607.70..1719620.48 rows=730 width=38) (actual time=12538.753..12538.755 rows=2 loops=1)
Q15,102.7,->  Index Scan using pk_supplier on supplier  (cost=0.29..4791.49 rows=100000 width=71) (actual time=0.022..0.313 rows=973 loops=1)
Q21,100.0,->  Sort  (cost=2887756.44..2887756.44 rows=1 width=26) (actual time=48370.942..48370.950 rows=100 loops=1)
Q21,100.0,Limit  (cost=2887756.44..2887756.44 rows=1 width=26) (actual time=48370.944..48370.962 rows=100 loops=1)
Q2,100.0,->  Sort  (cost=891901.63..891901.63 rows=1 width=190) (actual time=9978.849..9978.866 rows=100 loops=1)
Q2,100.0,Limit  (cost=891901.63..891901.63 rows=1 width=190) (actual time=9978.851..9978.879 rows=100 loops=1)
Q11,35.7,Sort  (cost=614386.98..615186.98 rows=320000 width=12) (actual time=7316.388..7317.315 rows=8951 loops=1)
Q11,35.7,->  HashAggregate  (cost=292163.31..296163.31 rows=320000 width=12) (actual time=7220.208..7311.360 rows=8951 loops=1)
Q3,28.0,->  HashAggregate  (cost=2455635.12..2487481.41 rows=3184629 width=20) (actual time=44348.720..44399.480 rows=113519 loops=1)
Q15,26.6,->  HashAggregate  (cost=1335191.22..1335228.78 rows=3756 width=12) (actual time=29098.506..29133.432 rows=100000 loops=1)
Q21,15.0,->  Index Scan using pk_lineitem on lineitem l2  (cost=0.56..1.15 rows=15 width=8) (actual time=0.007..0.007 rows=1 loops=737127)
Q14,13.8,->  Bitmap Index Scan on lineitem_l_shipdate_l_suppkey_brin_idx  (cost=0.00..7894.19 rows=774619 width=0) (actual time=124.555..124.555 rows=10760960 loops=1)
Q3,10.6,->  Hash Join  (cost=770410.59..2407865.69 rows=3184629 width=20) (actual time=13722.204..44043.350 rows=299789 loops=1)
Q16,10.1,->  Bitmap Index Scan on part_p_size_brin_idx  (cost=0.00..2408.06 rows=319473 width=0) (actual time=44.887..44.887 rows=3246080 loops=1)
Q9,7.0,->  Index Scan using lineitem_l_partkey_l_quantity_idx on lineitem  (cost=0.56..1.88 rows=1 width=24) (actual time=0.034..0.176 rows=7 loops=434616)
Q8,5.8,->  Bitmap Index Scan on customer_c_nationkey_c_custkey_brin_idx  (cost=0.00..750.00 rows=60000 width=0) (actual time=3.600..3.600 rows=353280 loops=5)
Q5,5.8,->  Bitmap Index Scan on customer_c_nationkey_c_custkey_brin_idx  (cost=0.00..750.00 rows=60000 width=0) (actual time=3.598..3.598 rows=353280 loops=5)
Q2,5.7,->  Bitmap Index Scan on supplier_s_nationkey_s_suppkey_brin_idx  (cost=0.00..330.00 rows=4000 width=0) (actual time=0.294..0.294 rows=23040 loops=5)
Q21,5.7,->  Bitmap Index Scan on supplier_s_nationkey_s_suppkey_brin_idx  (cost=0.00..42.00 rows=4000 width=0) (actual time=0.271..0.271 rows=23040 loops=1)
Q20,5.7,->  Bitmap Index Scan on supplier_s_nationkey_s_suppkey_brin_idx  (cost=0.00..42.00 rows=4000 width=0) (actual time=0.266..0.266 rows=23040 loops=1)
Q11,5.7,->  Bitmap Index Scan on supplier_s_nationkey_s_suppkey_brin_idx  (cost=0.00..42.00 rows=4000 width=0) (actual time=0.266..0.266 rows=23040 loops=1)
Q11,5.7,->  Bitmap Index Scan on supplier_s_nationkey_s_suppkey_brin_idx  (cost=0.00..42.00 rows=4000 width=0) (actual time=0.246..0.246 rows=23040 loops=1)
Q7,5.0,->  Index Scan using pk_lineitem on lineitem  (cost=0.56..1.27 rows=5 width=20) (actual time=0.012..0.013 rows=1 loops=1198014)
Q5,5.0,Sort  (cost=1860512.65..1860512.71 rows=25 width=34) (actual time=14473.422..14473.423 rows=5 loops=1)
Q5,5.0,->  HashAggregate  (cost=1860511.82..1860512.07 rows=25 width=34) (actual time=14473.377..14473.379 rows=5 loops=1)
Q4,5.0,Sort  (cost=1501544.65..1501544.66 rows=1 width=16) (actual time=16512.444..16512.444 rows=5 loops=1)
Q4,5.0,->  Index Scan using pk_lineitem on lineitem  (cost=0.56..7.02 rows=5 width=4) (actual time=0.019..0.019 rows=1 loops=574253)
Q4,5.0,->  HashAggregate  (cost=1501544.63..1501544.64 rows=1 width=16) (actual time=16512.392..16512.395 rows=5 loops=1)
Q21,5.0,->  Index Scan using pk_lineitem on lineitem l3  (cost=0.56..1.15 rows=5 width=8) (actual time=0.004..0.004 rows=1 loops=710204)
Q10,4.4,->  Bitmap Index Scan on orders_o_orderdate_o_orderkey_brin_idx  (cost=0.00..5848.71 rows=580871 width=0) (actual time=27.720..27.720 rows=2568960 loops=1)
Q4,4.3,->  Bitmap Index Scan on orders_o_orderdate_o_orderkey_brin_idx  (cost=0.00..5913.44 rows=587344 width=0) (actual time=72.876..72.876 rows=2561280 loops=1)
Q13,4.3,Sort  (cost=853252.11..853252.61 rows=200 width=8) (actual time=27894.066..27894.068 rows=46 loops=1)
Q13,4.3,->  HashAggregate  (cost=853242.47..853244.47 rows=200 width=8) (actual time=27893.993..27893.999 rows=46 loops=1)
Q5,3.7,->  Index Scan using pk_lineitem on lineitem  (cost=0.56..3.03 rows=15 width=16) (actual time=0.010..0.012 rows=4 loops=456063)
Q17,3.6,->  Nested Loop  (cost=82.73..114246.16 rows=20135 width=4) (actual time=18.418..219.154 rows=5444 loops=1)
Q4,3.3,->  Nested Loop Semi Join  (cost=6060.84..1500757.99 rows=157329 width=16) (actual time=73.157..16196.416 rows=526456 loops=1)
Q17,3.3,->  Index Scan using lineitem_l_partkey_l_quantity_idx on lineitem  (cost=9.76..53.60 rows=10 width=12) (actual time=0.015..0.036 rows=3 loops=2028)
Q3,3.0,->  Bitmap Index Scan on lineitem_l_shipdate_l_suppkey_brin_idx  (cost=0.00..243573.91 rows=32456788 width=0) (actual time=131.867..131.867 rows=10782720 loops=1)
Q20,3.0,->  Index Scan using pk_partsupp on partsupp  (cost=0.43..544.40 rows=1 width=8) (actual time=0.325..0.394 rows=3 loops=21733)
Q3,2.9,->  Bitmap Index Scan on orders_o_orderdate_o_orderkey_brin_idx  (cost=0.00..56031.17 rows=7465489 width=0) (actual time=27.575..27.575 rows=2563840 loops=1)
Q22,2.3,Sort  (cost=698836.92..698836.93 rows=3 width=20) (actual time=9219.632..9219.632 rows=7 loops=1)
Q22,2.3,->  HashAggregate  (cost=645934.48..645934.53 rows=3 width=20) (actual time=9219.584..9219.588 rows=7 loops=1)
Q2,2.0,->  Nested Loop  (cost=0.86..48.83 rows=1 width=4) (actual time=0.043..0.059 rows=2 loops=6305)
Q19,2.0,->  Bitmap Index Scan on part_p_size_brin_idx  (cost=0.00..1996.13 rows=198413 width=0) (actual time=4.176..4.176 rows=405760 loops=1)
Q16,2.0,->  Sort  (cost=403454.92..404937.25 rows=592930 width=40) (actual time=10565.101..10720.317 rows=1186566 loops=1)
Q16,2.0,->  Hash Join  (cost=54713.04..346600.34 rows=592930 width=40) (actual time=1322.676..6860.429 rows=1186566 loops=1)
Q12,2.0,Sort  (cost=3047039.83..3047039.83 rows=1 width=27) (actual time=34361.653..34361.653 rows=2 loops=1)
Q12,2.0,->  HashAggregate  (cost=3047039.81..3047039.82 rows=1 width=27) (actual time=34361.605..34361.606 rows=2 loops=1)
Q10,2.0,->  Hash Join  (cost=347810.44..2266986.10 rows=573591 width=175) (actual time=6407.981..30027.903 rows=1148808 loops=1)
Q10,2.0,->  Hash Join  (cost=347808.88..2259097.66 rows=573591 width=153) (actual time=6407.949..29624.756 rows=1148808 loops=1)
Q10,2.0,->  Hash Join  (cost=278780.88..2181465.80 rows=573591 width=12) (actual time=4987.476..27372.840 rows=1148808 loops=1)
Q20,1.9,->  Nested Loop  (cost=754.49..12023795.26 rows=29578 width=4) (actual time=14.058..8893.168 rows=59021 loops=1)
Q20,1.9,->  Hash  (cost=12023795.26..12023795.26 rows=29578 width=4) (actual time=8930.163..8930.163 rows=59021 loops=1)
Q16,1.9,->  Seq Scan on partsupp  (cost=16.23..270974.23 rows=4000000 width=8) (actual time=0.307..3755.339 rows=7995520 loops=1)
Q21,1.8,->  Seq Scan on lineitem l1  (cost=0.00..1844249.02 rows=20314827 width=8) (actual time=0.012..24522.628 rows=37965587 loops=1)
Q21,1.8,->  Nested Loop  (cost=2405.75..2358810.97 rows=395776 width=38) (actual time=32.510..39759.126 rows=737127 loops=1)
Q21,1.8,->  Hash Join  (cost=2405.31..1930960.87 rows=812593 width=34) (actual time=32.472..31888.209 rows=1526776 loops=1)
Q16,1.7,->  Index Scan using supplier_s_suppkey_idx_like on supplier  (cost=0.14..15.98 rows=100 width=4) (actual time=0.032..0.267 rows=56 loops=1)
Q20,1.5,Sort  (cost=12026608.78..12026611.74 rows=1183 width=51) (actual time=8962.064..8962.165 rows=1780 loops=1)
Q20,1.5,->  Hash Semi Join  (cost=12024207.99..12026548.40 rows=1183 width=51) (actual time=8930.635..8959.431 rows=1780 loops=1)
Q1,1.5,Sort  (cost=4176789.99..4176790.00 rows=6 width=20) (actual time=91521.598..91521.598 rows=4 loops=1)
Q1,1.5,->  HashAggregate  (cost=4176789.81..4176789.91 rows=6 width=20) (actual time=91521.548..91521.550 rows=4 loops=1)
Q10,1.5,->  HashAggregate  (cost=2281325.87..2287061.78 rows=573591 width=175) (actual time=32042.984..32311.602 rows=381387 loops=1)
Q5,1.4,->  Bitmap Index Scan on orders_o_orderdate_o_orderkey_brin_idx  (cost=0.00..27232.17 rows=3625622 width=0) (actual time=27.757..27.757 rows=2545920 loops=1)
Q19,1.4,->  Bitmap Index Scan on part_p_size_brin_idx  (cost=0.00..5988.27 rows=597627 width=0) (actual time=4.159..4.159 rows=405760 loops=1)
Q9,1.3,GroupAggregate  (cost=1169613.45..1169618.04 rows=131 width=46) (actual time=163566.394..166407.362 rows=175 loops=1)
Q22,1.3,->  Bitmap Index Scan on customer_c_phone_idx  (cost=0.00..2875.49 rows=140047 width=0) (actual time=471.778..471.778 rows=191431 loops=1)
Q22,1.3,->  Bitmap Heap Scan on customer  (cost=2910.51..41864.74 rows=140047 width=24) (actual time=480.610..574.866 rows=191431 loops=1)
Q18,1.3,Limit  (cost=10314489.32..10314492.07 rows=100 width=39) (actual time=66900.718..66900.968 rows=76 loops=1)
Q6,1.1,->  Bitmap Index Scan on lineitem_l_shipdate_l_suppkey_brin_idx  (cost=0.00..92387.95 rows=9223995 width=0) (actual time=120.444..120.444 rows=10792960 loops=1)
Q9,1.0,->  Seq Scan on part  (cost=0.00..65522.00 rows=108108 width=4) (actual time=0.011..1171.122 rows=108654 loops=1)
Q9,1.0,->  Hash Join  (cost=66873.35..352155.67 rows=432432 width=16) (actual time=1213.336..9507.218 rows=434616 loops=1)
Q9,1.0,->  Hash  (cost=65522.00..65522.00 rows=108108 width=4) (actual time=1212.872..1212.872 rows=108654 loops=1)
Q8,1.0,->  Nested Loop  (cost=766.08..34580.15 rows=300000 width=4) (actual time=3.709..2013.245 rows=299838 loops=1)
Q8,1.0,->  Nested Loop  (cost=412.04..1671831.71 rows=121030 width=20) (actual time=27.877..10109.586 rows=122243 loops=1)
Q8,1.0,->  Nested Loop  (cost=411.60..1476419.79 rows=399089 width=16) (actual time=27.706..5626.405 rows=402867 loops=1)
Q8,1.0,->  Nested Loop  (cost=38742.48..1718668.16 rows=24206 width=16) (actual time=2139.270..12454.425 rows=24405 loops=1)
Q8,1.0,->  Index Scan using lineitem_l_partkey_l_quantity_idx on lineitem  (cost=0.56..109.09 rows=31 width=20) (actual time=0.032..0.400 rows=30 loops=13399)
Q8,1.0,->  Hash Join  (cost=38744.04..1719123.58 rows=24206 width=38) (actual time=2139.315..12496.092 rows=24405 loops=1)
Q8,1.0,->  Hash Join  (cost=38742.19..1710857.78 rows=24206 width=16) (actual time=2139.252..12308.910 rows=24405 loops=1)
Q8,1.0,->  Hash  (cost=34580.15..34580.15 rows=300000 width=4) (actual time=2107.988..2107.988 rows=299838 loops=1)
Q8,1.0,->  Bitmap Index Scan on part_p_type_p_partkey_idx  (cost=0.00..407.73 rows=13240 width=0) (actual time=25.069..25.069 rows=13399 loops=1)
Q8,1.0,->  Bitmap Heap Scan on part  (cost=411.04..28006.04 rows=13240 width=4) (actual time=27.659..107.984 rows=13399 loops=1)
Q8,1.0,->  Bitmap Heap Scan on customer  (cost=765.00..6315.54 rows=60000 width=8) (actual time=3.632..392.902 rows=59968 loops=5)
Q7,1.0,->  Seq Scan on orders  (cost=0.00..407703.43 rows=15164943 width=8) (actual time=0.005..2849.551 rows=15015000 loops=1)
Q7,1.0,->  Nested Loop  (cost=58604.97..2134741.46 rows=1467665 width=42) (actual time=669.144..26206.361 rows=1454643 loops=1)
Q7,1.0,->  Hash Join  (cost=62340.37..2146634.26 rows=61078 width=64) (actual time=719.033..26967.624 rows=58442 loops=1)
Q7,1.0,->  Hash Join  (cost=58604.40..535308.32 rows=1213195 width=30) (actual time=669.120..9834.635 rows=1198014 loops=1)
Q7,1.0,->  Hash Join  (cost=1.40..57104.40 rows=120000 width=30) (actual time=0.042..626.980 rows=120070 loops=1)
Q7,1.0,->  Hash Join  (cost=1.40..3635.40 rows=8000 width=30) (actual time=0.037..46.756 rows=8004 loops=1)
Q7,1.0,->  Hash  (cost=57104.40..57104.40 rows=120000 width=30) (actual time=668.397..668.397 rows=120070 loops=1)
Q7,1.0,->  Hash  (cost=3635.40..3635.40 rows=8000 width=30) (actual time=49.823..49.823 rows=8004 loops=1)
Q6,1.0,->  Bitmap Heap Scan on lineitem  (cost=92581.07..1379380.96 rows=772470 width=8) (actual time=121.242..30257.722 rows=763282 loops=1)
Q5,1.0,->  Nested Loop  (cost=765.14..34591.63 rows=300000 width=38) (actual time=3.713..1890.373 rows=300270 loops=1)
Q5,1.0,->  Nested Loop  (cost=66144.73..1840687.61 rows=1824727 width=46) (actual time=2031.890..13621.535 rows=1823230 loops=1)
Q5,1.0,->  Hash Join  (cost=70823.73..1859781.94 rows=72988 width=34) (actual time=2088.235..14393.425 rows=73632 loops=1)
Q5,1.0,->  Hash Join  (cost=66144.16..388180.82 rows=456290 width=38) (actual time=2031.849..7595.678 rows=456063 loops=1)
Q5,1.0,->  Hash  (cost=34591.63..34591.63 rows=300000 width=38) (actual time=2001.430..2001.430 rows=300270 loops=1)
Q5,1.0,->  Bitmap Heap Scan on orders  (cost=27802.53..336720.86 rows=2281449 width=8) (actual time=27.925..4515.222 rows=2277990 loops=1)
Q5,1.0,->  Bitmap Heap Scan on customer  (cost=765.00..6315.54 rows=60000 width=8) (actual time=3.631..368.337 rows=60054 loops=5)
Q4,1.0,->  Bitmap Heap Scan on orders  (cost=6060.27..270924.43 rows=587344 width=20) (actual time=73.090..4689.547 rows=574253 loops=1)
Q3,1.0,->  Hash Join  (cost=107588.89..500104.49 rows=1489440 width=12) (actual time=713.493..12969.482 rows=1476605 loops=1)
Q3,1.0,->  Hash  (cost=500104.49..500104.49 rows=1489440 width=12) (actual time=13579.674..13579.674 rows=1476605 loops=1)
Q3,1.0,->  Hash  (cost=45950.54..45950.54 rows=299265 width=4) (actual time=683.317..683.317 rows=300036 loops=1)
Q3,1.0,->  Bitmap Index Scan on customer_c_mktsegment_c_custkey_idx  (cost=0.00..6856.91 rows=299265 width=0) (actual time=69.128..69.128 rows=300036 loops=1)
Q3,1.0,->  Bitmap Heap Scan on orders  (cost=57897.54..407523.15 rows=7465489 width=16) (actual time=27.741..9458.872 rows=7384200 loops=1)
Q3,1.0,->  Bitmap Heap Scan on lineitem  (cost=251688.10..1735583.95 rows=32456788 width=12) (actual time=132.618..24075.502 rows=32014884 loops=1)
Q3,1.0,->  Bitmap Heap Scan on customer  (cost=6931.73..45950.54 rows=299265 width=4) (actual time=78.336..573.550 rows=300036 loops=1)
Q22,1.0,->  Seq Scan on orders  (cost=0.00..408911.95 rows=15209895 width=4) (actual time=0.017..4006.287 rows=15015000 loops=1)
Q22,1.0,->  Hash  (cost=408911.95..408911.95 rows=15209895 width=4) (actual time=8447.097..8447.097 rows=15015000 loops=1)
Q22,1.0,->  Hash Anti Join  (cost=601946.14..645494.37 rows=58682 width=20) (actual time=8998.418..9198.597 rows=63705 loops=1)
Q22,1.0,->  Bitmap Index Scan on customer_c_phone_idx_c_acctbal  (cost=0.00..6550.83 rows=381846 width=0) (actual time=99.779..99.779 rows=382802 loops=1)
Q22,1.0,->  Bitmap Heap Scan on customer customer_1  (cost=6646.29..51947.75 rows=381846 width=4) (actual time=108.321..344.400 rows=382802 loops=1)
Q21,1.0,->  Nested Loop  (cost=43.00..2355.31 rows=4000 width=30) (actual time=0.303..31.383 rows=4021 loops=1)
Q21,1.0,->  Hash  (cost=2355.31..2355.31 rows=4000 width=30) (actual time=32.420..32.420 rows=4021 loops=1)
Q21,1.0,->  Bitmap Heap Scan on supplier  (cost=43.00..2314.00 rows=4000 width=34) (actual time=0.289..30.720 rows=4021 loops=1)
Q2,1.0,->  Sort  (cost=465687.32..469687.32 rows=1600000 width=168) (actual time=7967.959..8099.382 rows=1603324 loops=1)
Q2,1.0,->  Nested Loop  (cost=332.07..3602.20 rows=20000 width=164) (actual time=0.458..140.335 rows=20042 loops=1)
Q2,1.0,->  Index Scan using pk_part on part  (cost=0.43..102473.43 rows=8079 width=30) (actual time=0.267..1160.951 rows=7939 loops=1)
Q2,1.0,->  Hash Join  (cost=3852.20..300810.20 rows=1600000 width=168) (actual time=153.016..6775.366 rows=1603360 loops=1)
Q2,1.0,->  Hash  (cost=3602.20..3602.20 rows=20000 width=164) (actual time=152.870..152.870 rows=20042 loops=1)
Q2,1.0,->  Bitmap Heap Scan on supplier  (cost=331.00..679.95 rows=4000 width=142) (actual time=0.320..27.124 rows=4008 loops=5)
Q20,1.0,->  Nested Loop  (cost=43.00..2355.31 rows=4000 width=55) (actual time=0.301..27.338 rows=3924 loops=1)
Q20,1.0,->  Bitmap Index Scan on part_p_name_idx  (cost=0.00..748.55 rows=20000 width=0) (actual time=9.564..9.564 rows=21733 loops=1)
Q20,1.0,->  Bitmap Heap Scan on supplier  (cost=43.00..2314.00 rows=4000 width=59) (actual time=0.283..26.749 rows=3924 loops=1)
Q20,1.0,->  Bitmap Heap Scan on part  (cost=754.06..34891.52 rows=22022 width=4) (actual time=13.381..288.406 rows=21733 loops=1)
Q19,1.0,->  Nested Loop  (cost=12875.76..616243.32 rows=1119 width=8) (actual time=33.624..6416.423 rows=1143 loops=1)
Q19,1.0,->  Bitmap Index Scan on part_p_size_brin_idx  (cost=0.00..4007.87 rows=399587 width=0) (actual time=4.174..4.174 rows=405760 loops=1)
Q19,1.0,->  Bitmap Index Scan on part_p_container_p_brand_p_partkey_idx  (cost=0.00..290.75 rows=8104 width=0) (actual time=3.409..3.409 rows=7978 loops=1)
Q19,1.0,->  Bitmap Index Scan on part_p_container_p_brand_p_partkey_idx  (cost=0.00..290.47 rows=8076 width=0) (actual time=3.549..3.549 rows=8017 loops=1)
Q19,1.0,->  Bitmap Index Scan on part_p_container_p_brand_p_partkey_idx  (cost=0.00..289.07 rows=7937 width=0) (actual time=3.563..3.563 rows=8100 loops=1)
Q19,1.0,->  Bitmap Index Scan on lineitem_l_partkey_l_quantity_idx  (cost=0.00..4.74 rows=31 width=0) (actual time=0.038..0.038 rows=30 loops=4918)
Q19,1.0,->  Bitmap Heap Scan on part  (cost=12871.02..26673.97 rows=4805 width=30) (actual time=32.523..124.707 rows=4918 loops=1)
Q18,1.0,->  Seq Scan on orders  (cost=0.00..410122.07 rows=15254907 width=16) (actual time=0.005..3269.445 rows=15015000 loops=1)
Q18,1.0,->  Seq Scan on lineitem lineitem_1  (cost=0.00..1693558.70 rows=61004670 width=8) (actual time=0.004..9544.363 rows=60045180 loops=1)
Q18,1.0,->  Seq Scan on lineitem  (cost=0.00..1693558.70 rows=61004670 width=8) (actual time=0.042..8310.979 rows=60045180 loops=1)
Q17,1.0,->  Index Only Scan using lineitem_l_partkey_l_quantity_idx on lineitem lineitem_1  (cost=0.56..9.11 rows=31 width=4) (actual time=0.022..0.047 rows=30 loops=2028)
Q17,1.0,->  Index Only Scan using lineitem_l_partkey_l_quantity_idx on lineitem lineitem_1  (cost=0.56..9.11 rows=31 width=4) (actual time=0.022..0.047 rows=30 loops=2028)
Q17,1.0,->  Bitmap Index Scan on part_p_container_p_brand_p_partkey_idx  (cost=0.00..72.47 rows=2004 width=0) (actual time=0.917..0.917 rows=2028 loops=1)
Q17,1.0,->  Bitmap Heap Scan on part  (cost=72.97..6637.80 rows=2004 width=4) (actual time=1.256..33.933 rows=2028 loops=1)
Q16,1.0,Sort  (cost=413196.03..413265.51 rows=27794 width=40) (actual time=11381.188..11384.687 rows=27840 loops=1)
Q16,1.0,->  Hash  (cost=50991.00..50991.00 rows=296465 width=40) (actual time=1319.917..1319.917 rows=296813 loops=1)
Q16,1.0,->  GroupAggregate  (cost=403454.92..411144.49 rows=27794 width=40) (actual time=10565.151..11321.347 rows=27840 loops=1)
Q16,1.0,->  Bitmap Heap Scan on part  (cost=2482.17..50991.00 rows=296465 width=40) (actual time=44.951..1194.356 rows=296813 loops=1)
Q15,1.0,->  Bitmap Index Scan on lineitem_l_shipdate_l_suppkey_brin_idx  (cost=0.00..80966.36 rows=10775782 width=0) (actual time=123.046..123.046 rows=10694400 loops=1)
Q15,1.0,->  Bitmap Index Scan on lineitem_l_shipdate_l_suppkey_brin_idx  (cost=0.00..80966.36 rows=10775782 width=0) (actual time=118.012..118.012 rows=10696960 loops=1)
Q15,1.0,->  Bitmap Heap Scan on lineitem lineitem_1  (cost=81532.59..1312542.32 rows=2264890 width=12) (actual time=118.802..26726.712 rows=2243355 loops=1)
Q15,1.0,->  Bitmap Heap Scan on lineitem  (cost=81532.59..1312542.32 rows=2264890 width=12) (actual time=123.866..31873.262 rows=2243355 loops=1)
Q14,1.0,->  Hash Join  (cost=93609.85..1151989.84 rows=774619 width=29) (actual time=1629.910..33253.359 rows=775218 loops=1)
Q14,1.0,->  Bitmap Heap Scan on lineitem  (cost=8087.85..1054848.56 rows=774619 width=12) (actual time=125.432..30950.444 rows=775218 loops=1)
Q13,1.0,->  Seq Scan on orders  (cost=0.00..447376.99 rows=14966874 width=8) (actual time=0.018..7851.415 rows=14854142 loops=1)
Q13,1.0,->  Hash Right Join  (cost=69028.00..740908.10 rows=14966874 width=8) (actual time=1086.581..17974.906 rows=15354162 loops=1)
Q12,1.0,->  Seq Scan on orders  (cost=0.00..406897.75 rows=15134975 width=20) (actual time=0.012..4575.607 rows=15015000 loops=1)
Q12,1.0,->  Seq Scan on lineitem  (cost=0.00..2436760.77 rows=291161 width=15) (actual time=0.021..24296.079 rows=312725 loops=1)
Q12,1.0,->  Hash Join  (cost=596084.94..3041944.49 rows=291161 width=27) (actual time=9398.824..34024.558 rows=312725 loops=1)
Q12,1.0,->  Hash  (cost=406897.75..406897.75 rows=15134975 width=20) (actual time=9322.378..9322.378 rows=15015000 loops=1)
Q11,1.0,->  Nested Loop  (cost=43.00..2355.31 rows=4000 width=4) (actual time=0.304..47.303 rows=4044 loops=1)
Q11,1.0,->  Nested Loop  (cost=43.00..2355.31 rows=4000 width=4) (actual time=0.295..25.861 rows=4044 loops=1)
Q11,1.0,->  Hash Join  (cost=2405.31..286563.31 rows=320000 width=8) (actual time=26.773..2668.468 rows=323520 loops=1)
Q11,1.0,->  Hash Join  (cost=2405.31..286563.31 rows=320000 width=12) (actual time=48.504..4200.954 rows=323520 loops=1)
Q11,1.0,->  Hash  (cost=2355.31..2355.31 rows=4000 width=4) (actual time=48.444..48.444 rows=4044 loops=1)
Q11,1.0,->  Hash  (cost=2355.31..2355.31 rows=4000 width=4) (actual time=26.713..26.713 rows=4044 loops=1)
Q11,1.0,->  Bitmap Heap Scan on supplier supplier_1  (cost=43.00..2314.00 rows=4000 width=8) (actual time=0.264..25.212 rows=4044 loops=1)
Q11,1.0,->  Bitmap Heap Scan on supplier  (cost=43.00..2314.00 rows=4000 width=8) (actual time=0.286..46.438 rows=4044 loops=1)
Q1,1.0,->  Seq Scan on lineitem  (cost=0.00..1817186.12 rows=58990092 width=20) (actual time=0.015..19260.698 rows=58965859 loops=1)
Q10,1.0,->  Seq Scan on lineitem  (cost=0.00..1840626.77 rows=15019261 width=12) (actual time=0.015..19038.434 rows=14822462 loops=1)
Q10,1.0,->  Hash  (cost=271519.99..271519.99 rows=580871 width=8) (actual time=4982.831..4982.831 rows=573702 loops=1)
Q10,1.0,->  Bitmap Heap Scan on orders  (cost=5993.93..271519.99 rows=580871 width=8) (actual time=27.893..4791.000 rows=573702 loops=1)
Q8,,->  Index Scan using pk_orders on orders  (cost=0.43..0.48 rows=1 width=12) (actual time=0.010..0.010 rows=0 loops=402867)
Q21,,->  Index Scan using pk_orders on orders  (cost=0.43..0.52 rows=1 width=4) (actual time=0.004..0.005 rows=0 loops=1526776)
Q19,,->  BitmapOr  (cost=12871.02..12871.02 rows=4808 width=0) (actual time=28.660..28.660 rows=0 loops=1)
Q19,,->  Bitmap Heap Scan on lineitem  (cost=4.74..122.69 rows=1 width=16) (actual time=1.188..1.270 rows=0 loops=4918)
Q19,,->  BitmapAnd  (cost=6281.67..6281.67 rows=2421 width=0) (actual time=8.270..8.270 rows=0 loops=1)
Q19,,->  BitmapAnd  (cost=4299.59..4299.59 rows=1586 width=0) (actual time=8.430..8.430 rows=0 loops=1)
Q19,,->  BitmapAnd  (cost=2289.26..2289.26 rows=801 width=0) (actual time=8.401..8.401 rows=0 loops=1)
