BEGIN;
BEGIN
EXPLAIN (ANALYZE, BUFFERS)
select
	c_custkey,
	c_name,
	sum(l_extendedprice * (1 - l_discount)) as revenue,
	c_acctbal,
	n_name,
	c_address,
	c_phone,
	c_comment
from
	customer,
	orders,
	lineitem,
	nation
where
	c_custkey = o_custkey
	and l_orderkey = o_orderkey
	and o_orderdate >= date '1994-01-01'
	and o_orderdate < cast(date '1994-01-01' + interval '3 month' as date)
	and l_returnflag = 'R'
	and c_nationkey = n_nationkey
group by
	c_custkey,
	c_name,
	c_acctbal,
	c_phone,
	n_name,
	c_address,
	c_comment
order by
	revenue desc
LIMIT 20;
                                                                                               QUERY PLAN                                                                                                
---------------------------------------------------------------------------------------------------------------------------------------------------------------------------------------------------------
 Limit  (cost=2282400.96..2282401.01 rows=20 width=175) (actual time=34162.026..34162.032 rows=20 loops=1)
   Buffers: shared hit=1004009 read=357866 dirtied=229 written=27
   ->  Sort  (cost=2282400.96..2283782.01 rows=552421 width=175) (actual time=34162.023..34162.026 rows=20 loops=1)
         Sort Key: (sum((lineitem.l_extendedprice * (1::double precision - lineitem.l_discount))))
         Sort Method: top-N heapsort  Memory: 30kB
         Buffers: shared hit=1004009 read=357866 dirtied=229 written=27
         ->  HashAggregate  (cost=2262177.02..2267701.23 rows=552421 width=175) (actual time=33803.300..34026.577 rows=375122 loops=1)
               Group Key: customer.c_custkey, customer.c_name, customer.c_acctbal, customer.c_phone, nation.n_name, customer.c_address, customer.c_comment
               Buffers: shared hit=1004006 read=357866 dirtied=229 written=27
               ->  Hash Join  (cost=344975.12..2248366.50 rows=552421 width=175) (actual time=9675.270..31890.563 rows=1121516 loops=1)
                     Hash Cond: (customer.c_nationkey = nation.n_nationkey)
                     Buffers: shared hit=1004006 read=357866 dirtied=229 written=27
                     ->  Hash Join  (cost=344973.55..2240769.15 rows=552421 width=153) (actual time=9675.232..31498.176 rows=1121516 loops=1)
                           Hash Cond: (orders.o_custkey = customer.c_custkey)
                           Buffers: shared hit=1004005 read=357866 dirtied=229 written=27
                           ->  Hash Join  (cost=275945.55..2163454.83 rows=552421 width=12) (actual time=8033.235..29082.056 rows=1121516 loops=1)
                                 Hash Cond: (lineitem.l_orderkey = orders.o_orderkey)
                                 Buffers: shared hit=968727 read=357866 dirtied=229 written=27
                                 ->  Seq Scan on lineitem  (cost=0.00..1826107.14 rows=14900782 width=12) (actual time=0.012..17546.510 rows=14823276 loops=1)
                                       Filter: (l_returnflag = 'R'::bpchar)
                                       Rows Removed by Filter: 45222550
                                       Buffers: shared hit=833326 read=238469
                                 ->  Hash  (cost=268952.65..268952.65 rows=559432 width=8) (actual time=8024.382..8024.382 rows=560637 loops=1)
                                       Buckets: 1048576  Batches: 1  Memory Usage: 30092kB
                                       Buffers: shared hit=135401 read=119397 dirtied=229 written=27
                                       ->  Bitmap Heap Scan on orders  (cost=5774.17..268952.65 rows=559432 width=8) (actual time=31.826..7732.281 rows=560637 loops=1)
                                             Recheck Cond: ((o_orderdate >= '1994-01-01'::date) AND (o_orderdate < '1994-04-01'::date))
                                             Rows Removed by Index Recheck: 14454363
                                             Heap Blocks: lossy=254787
                                             Buffers: shared hit=135401 read=119397 dirtied=229 written=27
                                             ->  Bitmap Index Scan on orders_o_orderdate_o_orderkey_brin_idx  (cost=0.00..5634.32 rows=559432 width=0) (actual time=31.653..31.653 rows=2548480 loops=1)
                                                   Index Cond: ((o_orderdate >= '1994-01-01'::date) AND (o_orderdate < '1994-04-01'::date))
                                                   Buffers: shared hit=3 read=8
                           ->  Hash  (cost=50278.00..50278.00 rows=1500000 width=145) (actual time=1625.835..1625.835 rows=1500000 loops=1)
                                 Buckets: 2097152  Batches: 1  Memory Usage: 281501kB
                                 Buffers: shared hit=35278
                                 ->  Seq Scan on customer  (cost=0.00..50278.00 rows=1500000 width=145) (actual time=0.015..641.577 rows=1500000 loops=1)
                                       Buffers: shared hit=35278
                     ->  Hash  (cost=1.25..1.25 rows=25 width=30) (actual time=0.023..0.023 rows=25 loops=1)
                           Buckets: 1024  Batches: 1  Memory Usage: 10kB
                           Buffers: shared hit=1
                           ->  Seq Scan on nation  (cost=0.00..1.25 rows=25 width=30) (actual time=0.005..0.010 rows=25 loops=1)
                                 Buffers: shared hit=1
 Planning time: 4.658 ms
 Execution time: 34179.632 ms
(45 rows)

COMMIT;
COMMIT
