BEGIN;
BEGIN
EXPLAIN (ANALYZE, BUFFERS)
select
	l_shipmode,
	sum(case
		when o_orderpriority = '1-URGENT'
			or o_orderpriority = '2-HIGH'
			then 1
		else 0
	end) as high_line_count,
	sum(case
		when o_orderpriority <> '1-URGENT'
			and o_orderpriority <> '2-HIGH'
			then 1
		else 0
	end) as low_line_count
from
	orders,
	lineitem
where
	o_orderkey = l_orderkey
	and l_shipmode in ('AIR', 'SHIP')
	and l_commitdate < l_receiptdate
	and l_shipdate < l_commitdate
	and l_receiptdate >= date '1994-01-01'
	and l_receiptdate < date '1994-01-01' + interval '1 year'
group by
	l_shipmode
order by
	l_shipmode;
                                                                                                                           QUERY PLAN                                                                                                                            
-----------------------------------------------------------------------------------------------------------------------------------------------------------------------------------------------------------------------------------------------------------------
 Sort  (cost=3038248.47..3038248.47 rows=1 width=27) (actual time=35165.823..35165.823 rows=2 loops=1)
   Sort Key: lineitem.l_shipmode
   Sort Method: quicksort  Memory: 25kB
   Buffers: shared hit=934302 read=392416 dirtied=275 written=5306
   ->  HashAggregate  (cost=3038248.45..3038248.46 rows=1 width=27) (actual time=35165.777..35165.777 rows=2 loops=1)
         Group Key: lineitem.l_shipmode
         Buffers: shared hit=934297 read=392416 dirtied=275 written=5306
         ->  Hash Join  (cost=594309.84..3033189.92 rows=289059 width=27) (actual time=10674.324..34860.508 rows=311659 loops=1)
               Hash Cond: (lineitem.l_orderkey = orders.o_orderkey)
               Buffers: shared hit=934297 read=392416 dirtied=275 written=5306
               ->  Seq Scan on lineitem  (cost=0.00..2429846.98 rows=289059 width=15) (actual time=0.045..23883.047 rows=311659 loops=1)
                     Filter: ((l_shipmode = ANY ('{AIR,SHIP}'::bpchar[])) AND (l_commitdate < l_receiptdate) AND (l_shipdate < l_commitdate) AND (l_receiptdate >= '1994-01-01'::date) AND (l_receiptdate < '1995-01-01 00:00:00'::timestamp without time zone))
                     Rows Removed by Filter: 59674028
                     Buffers: shared hit=834293 read=237630 dirtied=93 written=91
               ->  Hash  (cost=405686.04..405686.04 rows=15089904 width=20) (actual time=10600.189..10600.189 rows=15000000 loops=1)
                     Buckets: 16777216  Batches: 1  Memory Usage: 892791kB
                     Buffers: shared hit=100001 read=154786 dirtied=182 written=5215
                     ->  Seq Scan on orders  (cost=0.00..405686.04 rows=15089904 width=20) (actual time=0.011..5433.530 rows=15000000 loops=1)
                           Buffers: shared hit=100001 read=154786 dirtied=182 written=5215
 Planning time: 2.516 ms
 Execution time: 35174.451 ms
(21 rows)

COMMIT;
COMMIT
