BEGIN;
BEGIN
EXPLAIN (ANALYZE, BUFFERS)
select
	s_name,
	count(*) as numwait
from
	supplier,
	lineitem l1,
	orders,
	nation
where
	s_suppkey = l1.l_suppkey
	and o_orderkey = l1.l_orderkey
	and o_orderstatus = 'F'
	and l1.l_receiptdate > l1.l_commitdate
	and exists (
		select
			*
		from
			lineitem l2
		where
			l2.l_orderkey = l1.l_orderkey
			and l2.l_suppkey <> l1.l_suppkey
	)
	and not exists (
		select
			*
		from
			lineitem l3
		where
			l3.l_orderkey = l1.l_orderkey
			and l3.l_suppkey <> l1.l_suppkey
			and l3.l_receiptdate > l3.l_commitdate
	)
	and s_nationkey = n_nationkey
	and n_name = 'INDIA'
group by
	s_name
order by
	numwait desc,
	s_name
LIMIT 100;
                                                                                                  QUERY PLAN                                                                                                  
--------------------------------------------------------------------------------------------------------------------------------------------------------------------------------------------------------------
 Limit  (cost=2844930.94..2844930.95 rows=1 width=26) (actual time=42237.818..42237.833 rows=100 loops=1)
   Buffers: shared hit=14379467 read=257592 dirtied=465 written=822
   ->  Sort  (cost=2844930.94..2844930.95 rows=1 width=26) (actual time=42237.816..42237.823 rows=100 loops=1)
         Sort Key: (count(*)), supplier.s_name
         Sort Method: top-N heapsort  Memory: 32kB
         Buffers: shared hit=14379467 read=257592 dirtied=465 written=822
         ->  HashAggregate  (cost=2844930.92..2844930.93 rows=1 width=26) (actual time=42235.498..42236.640 rows=4079 loops=1)
               Group Key: supplier.s_name
               Buffers: shared hit=14379459 read=257592 dirtied=465 written=822
               ->  Nested Loop Anti Join  (cost=2406.88..2844930.92 rows=1 width=26) (actual time=38.132..42175.796 rows=40419 loops=1)
                     Buffers: shared hit=14379459 read=257592 dirtied=465 written=822
                     ->  Nested Loop Semi Join  (cost=2406.31..2844929.13 rows=1 width=34) (actual time=36.952..39175.483 rows=720588 loops=1)
                           Join Filter: (orders.o_orderkey = l2.l_orderkey)
                           Buffers: shared hit=10762022 read=256778 dirtied=465 written=808
                           ->  Nested Loop  (cost=2405.75..2323947.56 rows=389937 width=38) (actual time=36.916..34579.840 rows=748063 loops=1)
                                 Buffers: shared hit=7042327 read=230596 dirtied=465 written=307
                                 ->  Hash Join  (cost=2405.31..1902507.61 rows=800604 width=34) (actual time=36.814..26670.985 rows=1548911 loops=1)
                                       Hash Cond: (l1.l_suppkey = supplier.s_suppkey)
                                       Buffers: shared hit=851715 read=216943 dirtied=463 written=94
                                       ->  Seq Scan on lineitem l1  (cost=0.00..1817039.60 rows=20015109 width=8) (actual time=0.009..19191.119 rows=37928797 loops=1)
                                             Filter: (l_receiptdate > l_commitdate)
                                             Rows Removed by Filter: 22056532
                                             Buffers: shared hit=849530 read=216943 dirtied=463 written=94
                                       ->  Hash  (cost=2355.31..2355.31 rows=4000 width=30) (actual time=35.639..35.639 rows=4079 loops=1)
                                             Buckets: 4096  Batches: 1  Memory Usage: 287kB
                                             Buffers: shared hit=2182
                                             ->  Nested Loop  (cost=43.00..2355.31 rows=4000 width=30) (actual time=0.274..34.540 rows=4079 loops=1)
                                                   Buffers: shared hit=2182
                                                   ->  Seq Scan on nation  (cost=0.00..1.31 rows=1 width=4) (actual time=0.008..0.012 rows=1 loops=1)
                                                         Filter: (n_name = 'INDIA'::bpchar)
                                                         Rows Removed by Filter: 24
                                                         Buffers: shared hit=1
                                                   ->  Bitmap Heap Scan on supplier  (cost=43.00..2314.00 rows=4000 width=34) (actual time=0.256..33.901 rows=4079 loops=1)
                                                         Recheck Cond: (s_nationkey = nation.n_nationkey)
                                                         Rows Removed by Index Recheck: 95921
                                                         Heap Blocks: lossy=2179
                                                         Buffers: shared hit=2181
                                                         ->  Bitmap Index Scan on supplier_s_nationkey_s_suppkey_brin_idx  (cost=0.00..42.00 rows=4000 width=0) (actual time=0.244..0.244 rows=23040 loops=1)
                                                               Index Cond: (s_nationkey = nation.n_nationkey)
                                                               Buffers: shared hit=2
                                 ->  Index Scan using pk_orders on orders  (cost=0.43..0.52 rows=1 width=4) (actual time=0.004..0.005 rows=0 loops=1548911)
                                       Index Cond: (o_orderkey = l1.l_orderkey)
                                       Filter: (o_orderstatus = 'F'::bpchar)
                                       Rows Removed by Filter: 1
                                       Buffers: shared hit=6190612 read=13653 dirtied=2 written=213
                           ->  Index Scan using pk_lineitem on lineitem l2  (cost=0.56..1.15 rows=15 width=8) (actual time=0.005..0.005 rows=1 loops=748063)
                                 Index Cond: (l_orderkey = l1.l_orderkey)
                                 Filter: (l_suppkey <> l1.l_suppkey)
                                 Rows Removed by Filter: 0
                                 Buffers: shared hit=3719695 read=26182 written=501
                     ->  Index Scan using pk_lineitem on lineitem l3  (cost=0.56..1.15 rows=5 width=8) (actual time=0.004..0.004 rows=1 loops=720588)
                           Index Cond: (l_orderkey = l1.l_orderkey)
                           Filter: ((l_receiptdate > l_commitdate) AND (l_suppkey <> l1.l_suppkey))
                           Rows Removed by Filter: 1
                           Buffers: shared hit=3617437 read=814 written=14
 Planning time: 10.569 ms
 Execution time: 42238.105 ms
(57 rows)

COMMIT;
COMMIT
