BEGIN;
BEGIN
EXPLAIN (ANALYZE, BUFFERS)
select
	c_custkey,
	c_name,
	sum(l_extendedprice * (1 - l_discount)) as revenue,
	c_acctbal,
	n_name,
	c_address,
	c_phone,
	c_comment
from
	customer,
	orders,
	lineitem,
	nation
where
	c_custkey = o_custkey
	and l_orderkey = o_orderkey
	and o_orderdate >= date '1993-08-01'
	and o_orderdate < cast(date '1993-08-01' + interval '3 month' as date)
	and l_returnflag = 'R'
	and c_nationkey = n_nationkey
group by
	c_custkey,
	c_name,
	c_acctbal,
	c_phone,
	n_name,
	c_address,
	c_comment
order by
	revenue desc
LIMIT 20;
                                                                                               QUERY PLAN                                                                                                
---------------------------------------------------------------------------------------------------------------------------------------------------------------------------------------------------------
 Limit  (cost=2277770.80..2277770.85 rows=20 width=175) (actual time=33338.479..33338.486 rows=20 loops=1)
   Buffers: shared hit=950852 read=407074 written=7
   ->  Sort  (cost=2277770.80..2279183.07 rows=564906 width=175) (actual time=33338.475..33338.479 rows=20 loops=1)
         Sort Key: (sum((lineitem.l_extendedprice * (1::double precision - lineitem.l_discount))))
         Sort Method: top-N heapsort  Memory: 30kB
         Buffers: shared hit=950852 read=407074 written=7
         ->  HashAggregate  (cost=2257089.80..2262738.86 rows=564906 width=175) (actual time=32986.901..33200.279 rows=381871 loops=1)
               Group Key: customer.c_custkey, customer.c_name, customer.c_acctbal, customer.c_phone, nation.n_name, customer.c_address, customer.c_comment
               Buffers: shared hit=950849 read=407074 written=7
               ->  Hash Join  (cost=344693.35..2242967.15 rows=564906 width=175) (actual time=8576.766..30861.983 rows=1147416 loops=1)
                     Hash Cond: (customer.c_nationkey = nation.n_nationkey)
                     Buffers: shared hit=950849 read=407074 written=7
                     ->  Hash Join  (cost=344691.79..2235198.13 rows=564906 width=153) (actual time=8576.734..30445.523 rows=1147416 loops=1)
                           Hash Cond: (orders.o_custkey = customer.c_custkey)
                           Buffers: shared hit=950848 read=407074 written=7
                           ->  Hash Join  (cost=275663.79..2157696.54 rows=564906 width=12) (actual time=7272.477..28333.851 rows=1147416 loops=1)
                                 Hash Cond: (lineitem.l_orderkey = orders.o_orderkey)
                                 Buffers: shared hit=915570 read=407074 written=7
                                 ->  Seq Scan on lineitem  (cost=0.00..1820672.06 rows=14856433 width=12) (actual time=0.012..17653.133 rows=14823192 loops=1)
                                       Filter: (l_returnflag = 'R'::bpchar)
                                       Rows Removed by Filter: 45222187
                                       Buffers: shared hit=711270 read=357335 written=7
                                 ->  Hash  (cost=268512.87..268512.87 rows=572074 width=8) (actual time=7268.564..7268.564 rows=574317 loops=1)
                                       Buckets: 1048576  Batches: 1  Memory Usage: 30627kB
                                       Buffers: shared hit=204300 read=49739
                                       ->  Bitmap Heap Scan on orders  (cost=5903.76..268512.87 rows=572074 width=8) (actual time=27.575..7036.240 rows=574317 loops=1)
                                             Recheck Cond: ((o_orderdate >= '1993-08-01'::date) AND (o_orderdate < '1993-11-01'::date))
                                             Rows Removed by Index Recheck: 14440683
                                             Heap Blocks: lossy=254028
                                             Buffers: shared hit=204300 read=49739
                                             ->  Bitmap Index Scan on orders_o_orderdate_o_orderkey_brin_idx  (cost=0.00..5760.74 rows=572074 width=0) (actual time=27.414..27.414 rows=2540800 loops=1)
                                                   Index Cond: ((o_orderdate >= '1993-08-01'::date) AND (o_orderdate < '1993-11-01'::date))
                                                   Buffers: shared hit=3 read=8
                           ->  Hash  (cost=50278.00..50278.00 rows=1500000 width=145) (actual time=1298.029..1298.029 rows=1500000 loops=1)
                                 Buckets: 2097152  Batches: 1  Memory Usage: 281501kB
                                 Buffers: shared hit=35278
                                 ->  Seq Scan on customer  (cost=0.00..50278.00 rows=1500000 width=145) (actual time=0.007..533.417 rows=1500000 loops=1)
                                       Buffers: shared hit=35278
                     ->  Hash  (cost=1.25..1.25 rows=25 width=30) (actual time=0.020..0.020 rows=25 loops=1)
                           Buckets: 1024  Batches: 1  Memory Usage: 10kB
                           Buffers: shared hit=1
                           ->  Seq Scan on nation  (cost=0.00..1.25 rows=25 width=30) (actual time=0.005..0.008 rows=25 loops=1)
                                 Buffers: shared hit=1
 Planning time: 3.871 ms
 Execution time: 33354.350 ms
(45 rows)

COMMIT;
COMMIT
