BEGIN;
BEGIN
EXPLAIN (ANALYZE, BUFFERS)
select
	l_shipmode,
	sum(case
		when o_orderpriority = '1-URGENT'
			or o_orderpriority = '2-HIGH'
			then 1
		else 0
	end) as high_line_count,
	sum(case
		when o_orderpriority <> '1-URGENT'
			and o_orderpriority <> '2-HIGH'
			then 1
		else 0
	end) as low_line_count
from
	orders,
	lineitem
where
	o_orderkey = l_orderkey
	and l_shipmode in ('REG AIR', 'MAIL')
	and l_commitdate < l_receiptdate
	and l_shipdate < l_commitdate
	and l_receiptdate >= date '1996-01-01'
	and l_receiptdate < date '1996-01-01' + interval '1 year'
group by
	l_shipmode
order by
	l_shipmode;
                                                                                                                              QUERY PLAN                                                                                                                               
-----------------------------------------------------------------------------------------------------------------------------------------------------------------------------------------------------------------------------------------------------------------------
 Sort  (cost=3044099.70..3044099.70 rows=1 width=27) (actual time=35149.616..35149.617 rows=2 loops=1)
   Sort Key: lineitem.l_shipmode
   Sort Method: quicksort  Memory: 25kB
   Buffers: shared hit=863528 read=465690 dirtied=78 written=1241
   ->  HashAggregate  (cost=3044099.68..3044099.69 rows=1 width=27) (actual time=35149.570..35149.571 rows=2 loops=1)
         Group Key: lineitem.l_shipmode
         Buffers: shared hit=863523 read=465690 dirtied=78 written=1241
         ->  Hash Join  (cost=595494.80..3038987.02 rows=292152 width=27) (actual time=9985.283..34815.246 rows=313322 loops=1)
               Hash Cond: (lineitem.l_orderkey = orders.o_orderkey)
               Buffers: shared hit=863523 read=465690 dirtied=78 written=1241
               ->  Seq Scan on lineitem  (cost=0.00..2434362.47 rows=292152 width=15) (actual time=0.085..24480.381 rows=313322 loops=1)
                     Filter: ((l_shipmode = ANY ('{"REG AIR",MAIL}'::bpchar[])) AND (l_commitdate < l_receiptdate) AND (l_shipdate < l_commitdate) AND (l_receiptdate >= '1996-01-01'::date) AND (l_receiptdate < '1997-01-01 00:00:00'::timestamp without time zone))
                     Rows Removed by Filter: 59671197
                     Buffers: shared hit=644764 read=429151
               ->  Hash  (cost=406494.91..406494.91 rows=15119991 width=20) (actual time=9903.218..9903.218 rows=15000000 loops=1)
                     Buckets: 16777216  Batches: 1  Memory Usage: 892791kB
                     Buffers: shared hit=218756 read=36539 dirtied=78 written=1241
                     ->  Seq Scan on orders  (cost=0.00..406494.91 rows=15119991 width=20) (actual time=0.011..4778.142 rows=15000000 loops=1)
                           Buffers: shared hit=218756 read=36539 dirtied=78 written=1241
 Planning time: 3.053 ms
 Execution time: 35165.795 ms
(21 rows)

COMMIT;
COMMIT
