BEGIN;
BEGIN
EXPLAIN (ANALYZE, BUFFERS)
select
	s_name,
	count(*) as numwait
from
	supplier,
	lineitem l1,
	orders,
	nation
where
	s_suppkey = l1.l_suppkey
	and o_orderkey = l1.l_orderkey
	and o_orderstatus = 'F'
	and l1.l_receiptdate > l1.l_commitdate
	and exists (
		select
			*
		from
			lineitem l2
		where
			l2.l_orderkey = l1.l_orderkey
			and l2.l_suppkey <> l1.l_suppkey
	)
	and not exists (
		select
			*
		from
			lineitem l3
		where
			l3.l_orderkey = l1.l_orderkey
			and l3.l_suppkey <> l1.l_suppkey
			and l3.l_receiptdate > l3.l_commitdate
	)
	and s_nationkey = n_nationkey
	and n_name = 'ROMANIA'
group by
	s_name
order by
	numwait desc,
	s_name
LIMIT 100;
                                                                                                  QUERY PLAN                                                                                                  
--------------------------------------------------------------------------------------------------------------------------------------------------------------------------------------------------------------
 Limit  (cost=2887756.44..2887756.44 rows=1 width=26) (actual time=41426.777..41426.792 rows=100 loops=1)
   Buffers: shared hit=13745304 read=738281 written=942
   ->  Sort  (cost=2887756.44..2887756.44 rows=1 width=26) (actual time=41426.776..41426.781 rows=100 loops=1)
         Sort Key: (count(*)), supplier.s_name
         Sort Method: top-N heapsort  Memory: 32kB
         Buffers: shared hit=13745304 read=738281 written=942
         ->  HashAggregate  (cost=2887756.42..2887756.43 rows=1 width=26) (actual time=41424.560..41425.602 rows=4029 loops=1)
               Group Key: supplier.s_name
               Buffers: shared hit=13745296 read=738281 written=942
               ->  Nested Loop Anti Join  (cost=2406.88..2887756.41 rows=1 width=26) (actual time=68.629..41371.314 rows=39724 loops=1)
                     Buffers: shared hit=13745296 read=738281 written=942
                     ->  Nested Loop Semi Join  (cost=2406.31..2887754.63 rows=1 width=34) (actual time=68.187..38460.759 rows=712124 loops=1)
                           Join Filter: (orders.o_orderkey = l2.l_orderkey)
                           Buffers: shared hit=10171832 read=735930 written=921
                           ->  Nested Loop  (cost=2405.75..2358810.97 rows=395776 width=38) (actual time=68.114..33635.353 rows=738690 loops=1)
                                 Buffers: shared hit=6573743 read=635000 written=108
                                 ->  Hash Join  (cost=2405.31..1930960.87 rows=812593 width=34) (actual time=68.077..26078.148 rows=1528945 loops=1)
                                       Hash Cond: (l1.l_suppkey = supplier.s_suppkey)
                                       Buffers: shared hit=480954 read=603674 written=81
                                       ->  Seq Scan on lineitem l1  (cost=0.00..1844249.02 rows=20314827 width=8) (actual time=0.012..19262.441 rows=37965587 loops=1)
                                             Filter: (l_receiptdate > l_commitdate)
                                             Rows Removed by Filter: 22079029
                                             Buffers: shared hit=478770 read=603673 written=81
                                       ->  Hash  (cost=2355.31..2355.31 rows=4000 width=30) (actual time=68.027..68.027 rows=4029 loops=1)
                                             Buckets: 4096  Batches: 1  Memory Usage: 284kB
                                             Buffers: shared hit=2181 read=1
                                             ->  Nested Loop  (cost=43.00..2355.31 rows=4000 width=30) (actual time=0.307..66.873 rows=4029 loops=1)
                                                   Buffers: shared hit=2181 read=1
                                                   ->  Seq Scan on nation  (cost=0.00..1.31 rows=1 width=4) (actual time=0.008..0.011 rows=1 loops=1)
                                                         Filter: (n_name = 'ROMANIA'::bpchar)
                                                         Rows Removed by Filter: 24
                                                         Buffers: shared hit=1
                                                   ->  Bitmap Heap Scan on supplier  (cost=43.00..2314.00 rows=4000 width=34) (actual time=0.292..66.197 rows=4029 loops=1)
                                                         Recheck Cond: (s_nationkey = nation.n_nationkey)
                                                         Rows Removed by Index Recheck: 95971
                                                         Heap Blocks: lossy=2179
                                                         Buffers: shared hit=2180 read=1
                                                         ->  Bitmap Index Scan on supplier_s_nationkey_s_suppkey_brin_idx  (cost=0.00..42.00 rows=4000 width=0) (actual time=0.273..0.273 rows=23040 loops=1)
                                                               Index Cond: (s_nationkey = nation.n_nationkey)
                                                               Buffers: shared hit=1 read=1
                                 ->  Index Scan using pk_orders on orders  (cost=0.43..0.52 rows=1 width=4) (actual time=0.004..0.004 rows=0 loops=1528945)
                                       Index Cond: (o_orderkey = l1.l_orderkey)
                                       Filter: (o_orderstatus = 'F'::bpchar)
                                       Rows Removed by Filter: 1
                                       Buffers: shared hit=6092789 read=31326 written=27
                           ->  Index Scan using pk_lineitem on lineitem l2  (cost=0.56..1.15 rows=15 width=8) (actual time=0.006..0.006 rows=1 loops=738690)
                                 Index Cond: (l_orderkey = l1.l_orderkey)
                                 Filter: (l_suppkey <> l1.l_suppkey)
                                 Rows Removed by Filter: 0
                                 Buffers: shared hit=3598089 read=100930 written=813
                     ->  Index Scan using pk_lineitem on lineitem l3  (cost=0.56..1.15 rows=5 width=8) (actual time=0.004..0.004 rows=1 loops=712124)
                           Index Cond: (l_orderkey = l1.l_orderkey)
                           Filter: ((l_receiptdate > l_commitdate) AND (l_suppkey <> l1.l_suppkey))
                           Rows Removed by Filter: 1
                           Buffers: shared hit=3573464 read=2351 written=21
 Planning time: 9.063 ms
 Execution time: 41427.135 ms
(57 rows)

COMMIT;
COMMIT
